This is pdfeTeX, Version 3.141592-1.30.6-2.2 (MiKTeX 2.5) (preloaded format=latex 2007.4.30)  4 JUL 2007 18:43
entering extended mode
**C:/Documents*and*Settings/Diogo/Desktop/artigo/artigo.tex
("C:\Documents and Settings\Diogo\Desktop\artigo\artigo.tex"
LaTeX2e <2005/12/01>
Babel <v3.8g> and hyphenation patterns for english, dumylang, nohyphenation, ge
rman, ngerman, french, portuguese, loaded.
(acm_proc_article-sp.cls (epsfig.sty
Document style option `epsfig', v1.20 <26.1.94> (edited by SPQR)
\EPS@Height=\count79
\EPS@Width=\count80
\EPS@xscale=\count81
\EPS@yscale=\count82
\ps@dimcent=\dimen102
("C:\Arquivos de programas\MiKTeX 2.5\tex\generic\epsf\epsf.tex"
This is `epsf.tex' v2.7.3 <23 July 2005>
\epsffilein=\read1
\epsfframemargin=\dimen103
\epsfframethickness=\dimen104
\epsfrsize=\dimen105
\epsftmp=\dimen106
\epsftsize=\dimen107
\epsfxsize=\dimen108
\epsfysize=\dimen109
\pspoints=\dimen110
)
\p@intvaluex=\dimen111
\p@intvaluey=\dimen112
) ("C:\Arquivos de programas\MiKTeX 2.5\tex\latex\amsfonts\amssymb.sty"
Package: amssymb 2002/01/22 v2.2d

("C:\Arquivos de programas\MiKTeX 2.5\tex\latex\amsfonts\amsfonts.sty"
Package: amsfonts 2001/10/25 v2.2f
\@emptytoks=\toks14
\symAMSa=\mathgroup4
\symAMSb=\mathgroup5
LaTeX Font Info:    Overwriting math alphabet `\mathfrak' in version `bold'
(Font)                  U/euf/m/n --> U/euf/b/n on input line 132.
))
("C:\Arquivos de programas\MiKTeX 2.5\tex\latex\amsmath\amsmath.sty"
Package: amsmath 2000/07/18 v2.13 AMS math features
\@mathmargin=\skip41

For additional information on amsmath, use the `?' option.
("C:\Arquivos de programas\MiKTeX 2.5\tex\latex\amsmath\amstext.sty"
Package: amstext 2000/06/29 v2.01

("C:\Arquivos de programas\MiKTeX 2.5\tex\latex\amsmath\amsgen.sty"
File: amsgen.sty 1999/11/30 v2.0
\@emptytoks=\toks15
\ex@=\dimen113
))
("C:\Arquivos de programas\MiKTeX 2.5\tex\latex\amsmath\amsbsy.sty"
Package: amsbsy 1999/11/29 v1.2d
\pmbraise@=\dimen114
)
("C:\Arquivos de programas\MiKTeX 2.5\tex\latex\amsmath\amsopn.sty"
Package: amsopn 1999/12/14 v2.01 operator names
)
\inf@bad=\count83
LaTeX Info: Redefining \frac on input line 211.
\uproot@=\count84
\leftroot@=\count85
LaTeX Info: Redefining \overline on input line 307.
\classnum@=\count86
\DOTSCASE@=\count87
LaTeX Info: Redefining \ldots on input line 379.
LaTeX Info: Redefining \dots on input line 382.
LaTeX Info: Redefining \cdots on input line 467.
\Mathstrutbox@=\box26
\strutbox@=\box27
\big@size=\dimen115
LaTeX Font Info:    Redeclaring font encoding OML on input line 567.
LaTeX Font Info:    Redeclaring font encoding OMS on input line 568.
\macc@depth=\count88
\c@MaxMatrixCols=\count89
\dotsspace@=\muskip10
\c@parentequation=\count90
\dspbrk@lvl=\count91
\tag@help=\toks16
\row@=\count92
\column@=\count93
\maxfields@=\count94
\andhelp@=\toks17
\eqnshift@=\dimen116
\alignsep@=\dimen117
\tagshift@=\dimen118
\tagwidth@=\dimen119
\totwidth@=\dimen120
\lineht@=\dimen121
\@envbody=\toks18
\multlinegap=\skip42
\multlinetaggap=\skip43
\mathdisplay@stack=\toks19
LaTeX Info: Redefining \[ on input line 2666.
LaTeX Info: Redefining \] on input line 2667.
)
Document Class 'acm_proc_article-sp' <20th. March '07>. Modified by G.K.M. Tobi
n
Based in part upon document Style `acmconf' <22 May 89>. Hacked 4/91 by
shivers@cs.cmu.edu, 4/93 by theobald@cs.mcgill.ca
Excerpts were taken from (Journal Style) 'esub2acm.cls'.
****** Bugs/comments/suggestions to Gerry Murray -- murray@hq.acm.org ******
\footheight=\dimen122
\@maxsep=\dimen123
\@dblmaxsep=\dimen124
\aucount=\count95
\originalaucount=\count96
\auwidth=\dimen125
\auskip=\dimen126
\auskipcount=\count97
\auskip=\dimen127
\allauboxes=\dimen128
\addauthors=\toks20
\addauflag=\count98
\subtitletext=\toks21
\savesection=\count99
\sectioncntr=\count100
\c@figure=\count101
\c@table=\count102
\titleboxnotes=\toks22
\titleboxnoteflag=\count103
Document Class: acm_proc_article-sp 2007/03/20 - V3.0SP - based on esub2acm.sty
 <23 April 96>
("C:\Arquivos de programas\MiKTeX 2.5\tex\latex\base\latexsym.sty"
Package: latexsym 1998/08/17 v2.2e Standard LaTeX package (lasy symbols)
\symlasy=\mathgroup6
LaTeX Font Info:    Overwriting symbol font `lasy' in version `bold'
(Font)                  U/lasy/m/n --> U/lasy/b/n on input line 47.
)
\@acmtitlebox=\box28
\titlenotecount=\count104
\tntoks=\toks23
\tntokstwo=\toks24
\tntoksthree=\toks25
\tntoksfour=\toks26
\tntoksfive=\toks27
\catcount=\count105
\copyrightnotice=\toks28
\conf=\toks29
\confinfo=\toks30
\c@part=\count106
\c@section=\count107
\c@subsection=\count108
\c@subsubsection=\count109
\c@paragraph=\count110

Using 'Abbrev' bibliography style
\bibindent=\dimen129
\colcntr=\count111
\savebox=\box29
\copyrtyr=\toks31
\acmcopyr=\toks32
\boilerplate=\toks33
\copyrightetc=\toks34
)
LaTeX Font Info:    Try loading font information for OT1+phv on input line 32.
 ("C:\Arquivos de programas\MiKTeX 2.5\tex\latex\psnfss\ot1phv.fd"
File: ot1phv.fd 2001/06/04 scalable font definitions for OT1/phv.
)
("C:\Arquivos de programas\MiKTeX 2.5\tex\latex\base\inputenc.sty"
Package: inputenc 2006/05/05 v1.1b Input encoding file
\inpenc@prehook=\toks35
\inpenc@posthook=\toks36

("C:\Arquivos de programas\MiKTeX 2.5\tex\latex\base\latin1.def"
File: latin1.def 2006/05/05 v1.1b Input encoding file
))
("C:\Arquivos de programas\MiKTeX 2.5\tex\latex\base\fontenc.sty"
Package: fontenc 2005/09/27 v1.99g Standard LaTeX package

("C:\Arquivos de programas\MiKTeX 2.5\tex\latex\base\t1enc.def"
File: t1enc.def 2005/09/27 v1.99g Standard LaTeX file
LaTeX Font Info:    Redeclaring font encoding T1 on input line 43.
)) (artigo.aux

LaTeX Warning: Label `fig:qtd_feromonio' multiply defined.


LaTeX Warning: Label `fig:qtd_feromonio' multiply defined.


LaTeX Warning: Label `fig:qtd_feromonio' multiply defined.

)
LaTeX Font Info:    Checking defaults for OML/cmm/m/it on input line 47.
LaTeX Font Info:    ... okay on input line 47.
LaTeX Font Info:    Checking defaults for T1/cmr/m/n on input line 47.
LaTeX Font Info:    ... okay on input line 47.
LaTeX Font Info:    Checking defaults for OT1/cmr/m/n on input line 47.
LaTeX Font Info:    ... okay on input line 47.
LaTeX Font Info:    Checking defaults for OMS/cmsy/m/n on input line 47.
LaTeX Font Info:    ... okay on input line 47.
LaTeX Font Info:    Checking defaults for OMX/cmex/m/n on input line 47.
LaTeX Font Info:    ... okay on input line 47.
LaTeX Font Info:    Checking defaults for U/cmr/m/n on input line 47.
LaTeX Font Info:    ... okay on input line 47.
LaTeX Font Info:    Try loading font information for U+msa on input line 112.
 ("C:\Arquivos de programas\MiKTeX 2.5\tex\latex\amsfonts\umsa.fd"
File: umsa.fd 2002/01/19 v2.2g AMS font definitions
)
LaTeX Font Info:    Try loading font information for U+msb on input line 112.

("C:\Arquivos de programas\MiKTeX 2.5\tex\latex\amsfonts\umsb.fd"
File: umsb.fd 2002/01/19 v2.2g AMS font definitions
)
LaTeX Font Info:    Try loading font information for U+lasy on input line 112.

("C:\Arquivos de programas\MiKTeX 2.5\tex\latex\base\ulasy.fd"
File: ulasy.fd 1998/08/17 v2.2e LaTeX symbol font definitions
)
Overfull \hbox (3.40834pt too wide) in paragraph at lines 135--136
[][]\T1/cmr/m/n/9 Entretanto isto, ainda não ocorre na In-ter-net, pois os usuá
rios
 []

[1


]
Overfull \hbox (1.61925pt too wide) in paragraph at lines 143--144
[][]\T1/cmr/m/n/9 As formi-gas reais comunicam-se in-di-re-ta-mente por uma sub
s-
 []


Overfull \hbox (5.35097pt too wide) in paragraph at lines 154--155
\T1/cmr/m/n/9 Para tal, dois com-po-nentes bási-cos são necessários: a máquina
 []

[2]
Overfull \hbox (3.46805pt too wide) in paragraph at lines 217--218
\T1/cmr/m/n/9 tação por Formi-gas), tenta-se con-tornar estes pro-ble-mas elim-

 []


Overfull \hbox (2.6308pt too wide) in paragraph at lines 217--218
\T1/cmr/m/n/9 tor-nando pos-sível tam-bém a re-al-iza-ção de testes com usuário
s
 []


LaTeX Warning: Command \' invalid in math mode on input line 257.

Missing character: There is no ú in font cmr6!

Overfull \hbox (12.65862pt too wide) in paragraph at lines 267--268
[][]\T1/cmr/m/n/9 A ar-quite-tura do mod-elo pro-posto está ap-re-sen-tada na F
igura 1[],
 []

(images/arquitetura.eps
)
<images/arquitetura.eps>

LaTeX Warning: Reference `.' on page \thepage  undefined on input line 286.

[3]
(images/camada_grupos.eps
)
<images/camada_grupos.eps>
(images/ori_relacionada.eps
)
<images/ori_relacionada.eps>
[4]
Overfull \hbox (3.41188pt too wide) in paragraph at lines 411--411
[][]\T1/cmr/m/n/7 origem-
 []


Overfull \hbox (4.85736pt too wide) in paragraph at lines 411--411
\T1/cmr/m/n/7 destino-
 []


Overfull \hbox (17.12898pt too wide) in paragraph at lines 409--447
 [][][] 
 []


Underfull \vbox (badness 3954) has occurred while \output is active []


Overfull \hbox (3.41188pt too wide) in paragraph at lines 479--479
[][]\T1/cmr/m/n/7 origem-
 []


Overfull \hbox (4.85736pt too wide) in paragraph at lines 479--479
\T1/cmr/m/n/7 destino-
 []


Overfull \hbox (17.12898pt too wide) in paragraph at lines 477--515
 [][][] 
 []


Overfull \hbox (3.41188pt too wide) in paragraph at lines 523--523
[][]\T1/cmr/m/n/7 origem-
 []


Overfull \hbox (4.85736pt too wide) in paragraph at lines 523--523
\T1/cmr/m/n/7 destino-
 []


Overfull \hbox (17.12898pt too wide) in paragraph at lines 521--559
 [][][] 
 []

(images/qtd_feromonio.eps
)
<images/qtd_feromonio.eps>
(images/graf_teste10h.eps
)
<images/graf_teste10h.eps>
(images/graf_teste24h.eps
)
<images/graf_teste24h.eps>

Underfull \vbox (badness 10000) has occurred while \output is active []

 [5]
(images/graf_diferencas.eps
)
<images/graf_diferencas.eps>
(artigo.bbl [6]) [7

] (artigo.aux)

LaTeX Warning: There were undefined references.


LaTeX Warning: There were multiply-defined labels.

 ) 
Here is how much of TeX's memory you used:
 1948 strings out of 95401
 19750 string characters out of 1186798
 92214 words of memory out of 1071308
 4997 multiletter control sequences out of 60000
 39992 words of font info for 58 fonts, out of 1000000 for 2000
 22 hyphenation exceptions out of 8191
 34i,10n,26p,1050b,250s stack positions out of 5000i,500n,10000p,200000b,32768s

Output written on artigo.dvi (7 pages, 60092 bytes).
