This is pdfTeX, Version 3.1415926-1.40.10 (TeX Live 2009) (format=pdflatex 2010.8.2)  26 APR 2012 11:17
entering extended mode
 file:line:error style messages enabled.
 %&-line parsing enabled.
**monografia.tex
(./monografia.tex
LaTeX2e <2009/09/24>
Babel <v3.8l> and hyphenation patterns for english, usenglishmax, dumylang, noh
yphenation, german-x-2009-06-19, ngerman-x-2009-06-19, ancientgreek, ibycus, ar
abic, basque, bulgarian, catalan, pinyin, coptic, croatian, czech, danish, dutc
h, esperanto, estonian, farsi, finnish, french, galician, german, ngerman, mono
greek, greek, hungarian, icelandic, indonesian, interlingua, irish, italian, ku
rmanji, latin, latvian, lithuanian, mongolian, mongolian2a, bokmal, nynorsk, po
lish, portuguese, romanian, russian, sanskrit, serbian, slovak, slovenian, span
ish, swedish, turkish, ukenglish, ukrainian, uppersorbian, welsh, loaded.
(./ufpr.cls
Document Class: ufpr 2000/09/20 v0.1a Luciano Silva - Normas UFPR 
(/usr/local/texlive/2009/texmf-dist/tex/latex/base/size12.clo
File: size12.clo 2007/10/19 v1.4h Standard LaTeX file (size option)
)
\c@part=\count79
\c@chapter=\count80
\c@section=\count81
\c@subsection=\count82
\c@subsubsection=\count83
\c@paragraph=\count84
\c@subparagraph=\count85
\c@figure=\count86
\c@table=\count87
\abovecaptionskip=\skip41
\belowcaptionskip=\skip42
\bibindent=\dimen102
)
(/usr/local/texlive/2009/texmf-dist/tex/generic/babel/babel.sty
Package: babel 2008/07/06 v3.8l The Babel package

(/usr/local/texlive/2009/texmf-dist/tex/generic/babel/portuges.ldf
Language: portuges 2008/03/18 v1.2q Portuguese support from the babel system

(/usr/local/texlive/2009/texmf-dist/tex/generic/babel/babel.def
File: babel.def 2008/07/06 v3.8l Babel common definitions
\babel@savecnt=\count88
\U@D=\dimen103
)
\l@brazil = a dialect from \language\l@portuges 
Package babel Info: Making " an active character on input line 145.
))
(/usr/local/texlive/2009/texmf-dist/tex/latex/base/inputenc.sty
Package: inputenc 2008/03/30 v1.1d Input encoding file
\inpenc@prehook=\toks14
\inpenc@posthook=\toks15

(/usr/local/texlive/2009/texmf-dist/tex/latex/base/latin1.def
File: latin1.def 2008/03/30 v1.1d Input encoding file
))
(/usr/local/texlive/2009/texmf-dist/tex/latex/algorithm2e/algorithm2e.sty
Package: algorithm2e 2008/00/00 v3.10 algorithms environments
\c@AlgoLine=\count89

(/usr/local/texlive/2009/texmf-dist/tex/latex/base/ifthen.sty
Package: ifthen 2001/05/26 v1.1c Standard LaTeX ifthen package (DPC)
)
(/usr/local/texlive/2009/texmf-dist/tex/latex/tools/xspace.sty
Package: xspace 2006/05/08 v1.12 Space after command names (DPC,MH)
)
(/usr/local/texlive/2009/texmf-dist/tex/latex/ltxmisc/relsize.sty
Package: relsize 2003/07/04 ver 3.1
)
********************************************************
Package `algorithm2e' Release 4.01 -- december 14 2009 --
- algorithm2e-announce@lirmm.fr mailing list for announcement about releases
- algorithm2e-discussion@lirmm.fr mailing list for discussion about package
subscribe by emailing sympa@lirmm.fr with 'subscribe <list> <firstname name>'
- Author: Christophe Fiorio (fiorio@lirmm.fr)
********************************************************
\skiptotal=\skip43
\skiplinenumber=\skip44
\skiprule=\skip45
\skiphlne=\skip46
\skiptext=\skip47
\skiplength=\skip48
\algomargin=\skip49
\skipalgocfslide=\skip50
\algowidth=\dimen104
\inoutsize=\dimen105
\inoutline=\dimen106
\interspacetitleruled=\dimen107
\interspacealgoruled=\dimen108
\interspacetitleboxruled=\dimen109
\algocf@inoutbox=\box26
\algocf@inputbox=\box27
\AlCapSkip=\skip51
\AlCapHSkip=\skip52
\algocf@nlbox=\box28
\algocf@hangingbox=\box29
\algocf@capbox=\box30
\algoheightruledefault=\skip53
\algoheightrule=\skip54
\algotitleheightruledefault=\skip55
\algotitleheightrule=\skip56
\c@algocfline=\count90
\c@algocfproc=\count91
\c@algocf=\count92
\algocf@algoframe=\box31
\algocf@algobox=\box32
) (/usr/local/texlive/2009/texmf-dist/tex/latex/base/fontenc.sty
Package: fontenc 2005/09/27 v1.99g Standard LaTeX package

(/usr/local/texlive/2009/texmf-dist/tex/latex/base/t1enc.def
File: t1enc.def 2005/09/27 v1.99g Standard LaTeX file
LaTeX Font Info:    Redeclaring font encoding T1 on input line 43.
))
(/usr/local/texlive/2009/texmf-dist/tex/latex/amsfonts/amssymb.sty
Package: amssymb 2009/06/22 v3.00

(/usr/local/texlive/2009/texmf-dist/tex/latex/amsfonts/amsfonts.sty
Package: amsfonts 2009/06/22 v3.00 Basic AMSFonts support
\@emptytoks=\toks16
\symAMSa=\mathgroup4
\symAMSb=\mathgroup5
LaTeX Font Info:    Overwriting math alphabet `\mathfrak' in version `bold'
(Font)                  U/euf/m/n --> U/euf/b/n on input line 96.
))
(/usr/local/texlive/2009/texmf-dist/tex/latex/amsmath/amsmath.sty
Package: amsmath 2000/07/18 v2.13 AMS math features
\@mathmargin=\skip57

For additional information on amsmath, use the `?' option.
(/usr/local/texlive/2009/texmf-dist/tex/latex/amsmath/amstext.sty
Package: amstext 2000/06/29 v2.01

(/usr/local/texlive/2009/texmf-dist/tex/latex/amsmath/amsgen.sty
File: amsgen.sty 1999/11/30 v2.0
\@emptytoks=\toks17
\ex@=\dimen110
))
(/usr/local/texlive/2009/texmf-dist/tex/latex/amsmath/amsbsy.sty
Package: amsbsy 1999/11/29 v1.2d
\pmbraise@=\dimen111
)
(/usr/local/texlive/2009/texmf-dist/tex/latex/amsmath/amsopn.sty
Package: amsopn 1999/12/14 v2.01 operator names
)
\inf@bad=\count93
LaTeX Info: Redefining \frac on input line 211.
\uproot@=\count94
\leftroot@=\count95
LaTeX Info: Redefining \overline on input line 307.
\classnum@=\count96
\DOTSCASE@=\count97
LaTeX Info: Redefining \ldots on input line 379.
LaTeX Info: Redefining \dots on input line 382.
LaTeX Info: Redefining \cdots on input line 467.
\Mathstrutbox@=\box33
\strutbox@=\box34
\big@size=\dimen112
LaTeX Font Info:    Redeclaring font encoding OML on input line 567.
LaTeX Font Info:    Redeclaring font encoding OMS on input line 568.
\macc@depth=\count98
\c@MaxMatrixCols=\count99
\dotsspace@=\muskip10
\c@parentequation=\count100
\dspbrk@lvl=\count101
\tag@help=\toks18
\row@=\count102
\column@=\count103
\maxfields@=\count104
\andhelp@=\toks19
\eqnshift@=\dimen113
\alignsep@=\dimen114
\tagshift@=\dimen115
\tagwidth@=\dimen116
\totwidth@=\dimen117
\lineht@=\dimen118
\@envbody=\toks20
\multlinegap=\skip58
\multlinetaggap=\skip59
\mathdisplay@stack=\toks21
LaTeX Info: Redefining \[ on input line 2666.
LaTeX Info: Redefining \] on input line 2667.
)
(/usr/local/texlive/2009/texmf-dist/tex/latex/multirow/multirow.sty
\bigstrutjot=\dimen119
)
(/usr/local/texlive/2009/texmf-dist/tex/latex/tools/indentfirst.sty
Package: indentfirst 1995/11/23 v1.03 Indent first paragraph (DPC)
)
(/usr/local/texlive/2009/texmf-dist/tex/latex/subfigure/subfigure.sty
Package: subfigure 2002/03/15 v2.1.5 subfigure package
\subfigtopskip=\skip60
\subfigcapskip=\skip61
\subfigcaptopadj=\dimen120
\subfigbottomskip=\skip62
\subfigcapmargin=\dimen121
\subfiglabelskip=\skip63
\c@subfigure=\count105
\c@lofdepth=\count106
\c@subtable=\count107
\c@lotdepth=\count108

****************************************
* Local config file subfigure.cfg used *
****************************************
(/usr/local/texlive/2009/texmf-dist/tex/latex/subfigure/subfigure.cfg)
\subfig@top=\skip64
\subfig@bottom=\skip65
)
(/usr/local/texlive/2009/texmf-dist/tex/latex/graphics/graphicx.sty
Package: graphicx 1999/02/16 v1.0f Enhanced LaTeX Graphics (DPC,SPQR)

(/usr/local/texlive/2009/texmf-dist/tex/latex/graphics/keyval.sty
Package: keyval 1999/03/16 v1.13 key=value parser (DPC)
\KV@toks@=\toks22
)
(/usr/local/texlive/2009/texmf-dist/tex/latex/graphics/graphics.sty
Package: graphics 2009/02/05 v1.0o Standard LaTeX Graphics (DPC,SPQR)

(/usr/local/texlive/2009/texmf-dist/tex/latex/graphics/trig.sty
Package: trig 1999/03/16 v1.09 sin cos tan (DPC)
)
(/usr/local/texlive/2009/texmf-dist/tex/latex/latexconfig/graphics.cfg
File: graphics.cfg 2009/08/28 v1.8 graphics configuration of TeX Live
)
Package graphics Info: Driver file: pdftex.def on input line 91.

(/usr/local/texlive/2009/texmf-dist/tex/latex/pdftex-def/pdftex.def
File: pdftex.def 2009/08/25 v0.04m Graphics/color for pdfTeX
\Gread@gobject=\count109
))
\Gin@req@height=\dimen122
\Gin@req@width=\dimen123
)
(/usr/local/texlive/2009/texmf-dist/tex/latex/caption/caption2.sty
Package: caption2 2008/07/01 v2.2c Customising captions (AS)


Package caption2 Warning: ****************************************************
(caption2)                THIS PACKAGE IS OBSOLETE:
(caption2)                This package attempts to provide an `caption2'
(caption2)                package v2.0/2.1 author environment so that OLD
(caption2)                documents can be successfully processed. It should
(caption2)                NOT be used for NEW documents! New documents should
(caption2)                use the regular `caption' package v3.x instead.
(caption2)                ****************************************************

(/usr/local/texlive/2009/texmf-dist/tex/latex/caption/caption3.sty
Package: caption3 2009/10/09 v3.1k caption3 kernel (AR)
\captionmargin=\dimen124
\captionmargin@=\dimen125
\captionwidth=\dimen126
\caption@indent=\dimen127
\caption@parindent=\dimen128
\caption@hangindent=\dimen129
)
Package caption2 Info: Running in caption2 v2.0 compatibility mode on input lin
e 209.
\captionlinewidth=\dimen130
\realcaptionwidth=\dimen131
Package caption2 Info: subfigure package v2.1 (or newer) detected on input line
 437.
\subfigcapwidth=\dimen132
\subcapindent=\dimen133
)
(/usr/local/texlive/2009/texmf-dist/tex/latex/setspace/setspace.sty
Package: setspace 2000/12/01 6.7 Contributed and Supported LaTeX2e package

Package: `setspace' 6.7 <2000/12/01>
) (/usr/local/texlive/2009/texmf-dist/tex/latex/tools/longtable.sty
Package: longtable 2004/02/01 v4.11 Multi-page Table package (DPC)
\LTleft=\skip66
\LTright=\skip67
\LTpre=\skip68
\LTpost=\skip69
\LTchunksize=\count110
\LTcapwidth=\dimen134
\LT@head=\box35
\LT@firsthead=\box36
\LT@foot=\box37
\LT@lastfoot=\box38
\LT@cols=\count111
\LT@rows=\count112
\c@LT@tables=\count113
\c@LT@chunks=\count114
\LT@p@ftn=\toks23
)
(./sty/ps-macros.sty
PS-MACROS, University of Sussex at Brighton, 17-MAR-1992
(/usr/local/texlive/2009/texmf-dist/tex/generic/epsf/epsf.tex
This is `epsf.tex' v2.7.3 <23 July 2005>
\epsffilein=\read1
\epsfframemargin=\dimen135
\epsfframethickness=\dimen136
\epsfrsize=\dimen137
\epsftmp=\dimen138
\epsftsize=\dimen139
\epsfxsize=\dimen140
\epsfysize=\dimen141
\pspoints=\dimen142
)) (/usr/local/texlive/2009/texmf-dist/tex/latex/listings/listings.sty
\lst@mode=\count115
\lst@gtempboxa=\box39
\lst@token=\toks24
\lst@length=\count116
\lst@currlwidth=\dimen143
\lst@column=\count117
\lst@pos=\count118
\lst@lostspace=\dimen144
\lst@width=\dimen145
\lst@newlines=\count119
\lst@lineno=\count120
\lst@maxwidth=\dimen146

(/usr/local/texlive/2009/texmf-dist/tex/latex/listings/lstmisc.sty
File: lstmisc.sty 2007/02/22 1.4 (Carsten Heinz)
\c@lstnumber=\count121
\lst@skipnumbers=\count122
\lst@framebox=\box40
)
(/usr/local/texlive/2009/texmf-dist/tex/latex/listings/listings.cfg
File: listings.cfg 2007/02/22 1.4 listings configuration
))
Package: listings 2007/02/22 1.4 (Carsten Heinz)

(/usr/local/texlive/2009/texmf-dist/tex/latex/cm-super/type1ec.sty
Package: type1ec 2002/09/07 v1.1 Type1 EC font definitions (for CM-Super fonts)


(/usr/local/texlive/2009/texmf-dist/tex/latex/base/t1cmr.fd
File: t1cmr.fd 1999/05/25 v2.5h Standard LaTeX font definitions
))
(/usr/local/texlive/2009/texmf-dist/tex/latex/oberdiek/pdflscape.sty
Package: pdflscape 2008/08/11 v0.10 Landscape pages in PDF (HO)

(/usr/local/texlive/2009/texmf-dist/tex/latex/graphics/lscape.sty
Package: lscape 2000/10/22 v3.01 Landscape Pages (DPC)
)
(/usr/local/texlive/2009/texmf-dist/tex/latex/moderncv/base/ifpdf.sty
Package: ifpdf 2001/06/14 v1.0 Providing \ifpdf (HO)
Package ifpdf Info: pdfTeX in pdf mode detected on input line 139.
)

LaTeX Warning: You have requested, on input line 70, version
               `2006/02/20' of package ifpdf,
               but only version
               `2001/06/14 v1.0 Providing \ifpdf (HO)'
               is available.

Package pdflscape Info: Auto-detected driver: pdftex on input line 75.
(/usr/local/texlive/2009/texmf-dist/tex/generic/ifxetex/ifxetex.sty
Package: ifxetex 2009/01/23 v0.5 Provides ifxetex conditional
))
(/usr/local/texlive/2009/texmf-dist/tex/latex/graphics/color.sty
Package: color 2005/11/14 v1.0j Standard LaTeX Color (DPC)

(/usr/local/texlive/2009/texmf-dist/tex/latex/latexconfig/color.cfg
File: color.cfg 2007/01/18 v1.5 color configuration of teTeX/TeXLive
)
Package color Info: Driver file: pdftex.def on input line 130.
)
(/usr/local/texlive/2009/texmf-dist/tex/latex/base/textcomp.sty
Package: textcomp 2005/09/27 v1.99g Standard LaTeX package
Package textcomp Info: Sub-encoding information:
(textcomp)               5 = only ISO-Adobe without \textcurrency
(textcomp)               4 = 5 + \texteuro
(textcomp)               3 = 4 + \textohm
(textcomp)               2 = 3 + \textestimated + \textcurrency
(textcomp)               1 = TS1 - \textcircled - \t
(textcomp)               0 = TS1 (full)
(textcomp)             Font families with sub-encoding setting implement
(textcomp)             only a restricted character set as indicated.
(textcomp)             Family '?' is the default used for unknown fonts.
(textcomp)             See the documentation for details.
Package textcomp Info: Setting ? sub-encoding to TS1/1 on input line 71.

(/usr/local/texlive/2009/texmf-dist/tex/latex/base/ts1enc.def
File: ts1enc.def 2001/06/05 v3.0e (jk/car/fm) Standard LaTeX file
)
LaTeX Info: Redefining \oldstylenums on input line 266.
Package textcomp Info: Setting cmr sub-encoding to TS1/0 on input line 281.
Package textcomp Info: Setting cmss sub-encoding to TS1/0 on input line 282.
Package textcomp Info: Setting cmtt sub-encoding to TS1/0 on input line 283.
Package textcomp Info: Setting cmvtt sub-encoding to TS1/0 on input line 284.
Package textcomp Info: Setting cmbr sub-encoding to TS1/0 on input line 285.
Package textcomp Info: Setting cmtl sub-encoding to TS1/0 on input line 286.
Package textcomp Info: Setting ccr sub-encoding to TS1/0 on input line 287.
Package textcomp Info: Setting ptm sub-encoding to TS1/4 on input line 288.
Package textcomp Info: Setting pcr sub-encoding to TS1/4 on input line 289.
Package textcomp Info: Setting phv sub-encoding to TS1/4 on input line 290.
Package textcomp Info: Setting ppl sub-encoding to TS1/3 on input line 291.
Package textcomp Info: Setting pag sub-encoding to TS1/4 on input line 292.
Package textcomp Info: Setting pbk sub-encoding to TS1/4 on input line 293.
Package textcomp Info: Setting pnc sub-encoding to TS1/4 on input line 294.
Package textcomp Info: Setting pzc sub-encoding to TS1/4 on input line 295.
Package textcomp Info: Setting bch sub-encoding to TS1/4 on input line 296.
Package textcomp Info: Setting put sub-encoding to TS1/5 on input line 297.
Package textcomp Info: Setting uag sub-encoding to TS1/5 on input line 298.
Package textcomp Info: Setting ugq sub-encoding to TS1/5 on input line 299.
Package textcomp Info: Setting ul8 sub-encoding to TS1/4 on input line 300.
Package textcomp Info: Setting ul9 sub-encoding to TS1/4 on input line 301.
Package textcomp Info: Setting augie sub-encoding to TS1/5 on input line 302.
Package textcomp Info: Setting dayrom sub-encoding to TS1/3 on input line 303.
Package textcomp Info: Setting dayroms sub-encoding to TS1/3 on input line 304.

Package textcomp Info: Setting pxr sub-encoding to TS1/0 on input line 305.
Package textcomp Info: Setting pxss sub-encoding to TS1/0 on input line 306.
Package textcomp Info: Setting pxtt sub-encoding to TS1/0 on input line 307.
Package textcomp Info: Setting txr sub-encoding to TS1/0 on input line 308.
Package textcomp Info: Setting txss sub-encoding to TS1/0 on input line 309.
Package textcomp Info: Setting txtt sub-encoding to TS1/0 on input line 310.
Package textcomp Info: Setting futs sub-encoding to TS1/4 on input line 311.
Package textcomp Info: Setting futx sub-encoding to TS1/4 on input line 312.
Package textcomp Info: Setting futj sub-encoding to TS1/4 on input line 313.
Package textcomp Info: Setting hlh sub-encoding to TS1/3 on input line 314.
Package textcomp Info: Setting hls sub-encoding to TS1/3 on input line 315.
Package textcomp Info: Setting hlst sub-encoding to TS1/3 on input line 316.
Package textcomp Info: Setting hlct sub-encoding to TS1/5 on input line 317.
Package textcomp Info: Setting hlx sub-encoding to TS1/5 on input line 318.
Package textcomp Info: Setting hlce sub-encoding to TS1/5 on input line 319.
Package textcomp Info: Setting hlcn sub-encoding to TS1/5 on input line 320.
Package textcomp Info: Setting hlcw sub-encoding to TS1/5 on input line 321.
Package textcomp Info: Setting hlcf sub-encoding to TS1/5 on input line 322.
Package textcomp Info: Setting pplx sub-encoding to TS1/3 on input line 323.
Package textcomp Info: Setting pplj sub-encoding to TS1/3 on input line 324.
Package textcomp Info: Setting ptmx sub-encoding to TS1/4 on input line 325.
Package textcomp Info: Setting ptmj sub-encoding to TS1/4 on input line 326.
) (./sty/ufpr.sty
Package: sty/ufpr 
) (/usr/local/texlive/2009/texmf-dist/tex/latex/acronym/acronym.sty
Package: acronym 2009/01/25 v1.34 Support for acronyms (Tobias Oetiker)

(/usr/local/texlive/2009/texmf-dist/tex/latex/bigfoot/suffix.sty
Package: suffix 2006/07/15 1.5 Variant command support
)
\AC@clearlist=\toks25
)
(/usr/local/texlive/2009/texmf-dist/tex/latex/listings/lstlang1.sty
File: lstlang1.sty 2004/09/05 1.3 listings language file
)
(./monografia.aux)
\openout1 = `monografia.aux'.

LaTeX Font Info:    Checking defaults for OML/cmm/m/it on input line 90.
LaTeX Font Info:    ... okay on input line 90.
LaTeX Font Info:    Checking defaults for T1/cmr/m/n on input line 90.
LaTeX Font Info:    ... okay on input line 90.
LaTeX Font Info:    Checking defaults for OT1/cmr/m/n on input line 90.
LaTeX Font Info:    ... okay on input line 90.
LaTeX Font Info:    Checking defaults for OMS/cmsy/m/n on input line 90.
LaTeX Font Info:    ... okay on input line 90.
LaTeX Font Info:    Checking defaults for OMX/cmex/m/n on input line 90.
LaTeX Font Info:    ... okay on input line 90.
LaTeX Font Info:    Checking defaults for U/cmr/m/n on input line 90.
LaTeX Font Info:    ... okay on input line 90.
LaTeX Font Info:    Checking defaults for TS1/cmr/m/n on input line 90.
LaTeX Font Info:    Try loading font information for TS1+cmr on input line 90.
 (/usr/local/texlive/2009/texmf-dist/tex/latex/base/ts1cmr.fd
File: ts1cmr.fd 1999/05/25 v2.5h Standard LaTeX font definitions
)
LaTeX Font Info:    ... okay on input line 90.
 (/usr/local/texlive/2009/texmf-dist/tex/context/base/supp-pdf.mkii
[Loading MPS to PDF converter (version 2006.09.02).]
\scratchcounter=\count123
\scratchdimen=\dimen147
\scratchbox=\box41
\nofMPsegments=\count124
\nofMParguments=\count125
\everyMPshowfont=\toks26
\MPscratchCnt=\count126
\MPscratchDim=\dimen148
\MPnumerator=\count127
\everyMPtoPDFconversion=\toks27
)
Package caption Info: Begin \AtBeginDocument code.
Package caption Info: End \AtBeginDocument code.
\c@lstlisting=\count128
LaTeX Font Info:    Try loading font information for U+msa on input line 96.
 (/usr/local/texlive/2009/texmf-dist/tex/latex/amsfonts/umsa.fd
File: umsa.fd 2009/06/22 v3.00 AMS symbols A
)
LaTeX Font Info:    Try loading font information for U+msb on input line 96.

(/usr/local/texlive/2009/texmf-dist/tex/latex/amsfonts/umsb.fd
File: umsb.fd 2009/06/22 v3.00 AMS symbols B
) [1

{/usr/local/texlive/2009/texmf-var/fonts/map/pdftex/updmap/pdftex.map}] [1]
(./monografia.toc [1

] [2])
\tf@toc=\write3
\openout3 = `monografia.toc'.

 [3] (./monografia.lof)
\tf@lof=\write4
\openout4 = `monografia.lof'.

 [4

] (./monografia.lot)
\tf@lot=\write5
\openout5 = `monografia.lot'.


[5

] (./monografia.lol)
\tf@lol=\write6
\openout6 = `monografia.lol'.

 [6

] (./acronyms/acronyms.tex) [7

] (./abstract/resumo.tex)
Underfull \hbox (badness 10000) in paragraph at lines 1--169

 []

[8

] (./abstract/abstract.tex)
Underfull \hbox (badness 10000) in paragraph at lines 1--177

 []

[9

] (./chapters/introducao.tex
Cap\'{\i }tulo 1.
Package acronym Info: Label `acro:IA' newly defined as it shall be overridden
although it is yet undefined on input line 18.
[1

] [2] [3]
Package acronym Info: Label `acro:PDDL' newly defined as it shall be overridden

although it is yet undefined on input line 45.
) (./chapters/revisao.tex [4]
Cap\'{\i }tulo 2.
Package acronym Info: Label `acro:P2P' newly defined as it shall be overridden
although it is yet undefined on input line 4.
<images/fig_workflow_model.jpg, id=56, 1292.83pt x 520.94624pt>
File: images/fig_workflow_model.jpg Graphic file (type jpg)

<use images/fig_workflow_model.jpg> [5

]
Package acronym Info: Label `acro:MoML' newly defined as it shall be overridden

although it is yet undefined on input line 26.
Package acronym Info: Label `acro:VDL' newly defined as it shall be overridden
although it is yet undefined on input line 26.
 [6 <./images/fig_workflow_model.jpg>]
[7]
Package acronym Info: Label `acro:XML' newly defined as it shall be overridden
although it is yet undefined on input line 53.
 [8] [9] [10] [11]
Package acronym Info: Label `acro:STRIPS' newly defined as it shall be overridd
en
although it is yet undefined on input line 128.
 [12] [13] [14]
Package acronym Info: Label `acro:FF' newly defined as it shall be overridden
although it is yet undefined on input line 174.
Package acronym Info: Label `acro:HSP' newly defined as it shall be overridden
although it is yet undefined on input line 174.
Package acronym Info: Label `acro:SAT' newly defined as it shall be overridden
although it is yet undefined on input line 176.
 [15]
LaTeX Font Info:    Try loading font information for T1+cmtt on input line 211.


(/usr/local/texlive/2009/texmf-dist/tex/latex/base/t1cmtt.fd
File: t1cmtt.fd 1999/05/25 v2.5h Standard LaTeX font definitions
)
(/usr/local/texlive/2009/texmf-dist/tex/latex/listings/lstlang1.sty
File: lstlang1.sty 2004/09/05 1.3 listings language file
)
(./codes/def_domain.txt
LaTeX Font Info:    Font shape `T1/cmtt/bx/n' in size <8> not available
(Font)              Font shape `T1/cmtt/m/n' tried instead on input line 2.
)
Underfull \hbox (badness 10000) in paragraph at lines 211--212

 []

[16] (./codes/def_problem.txt)
Underfull \hbox (badness 10000) in paragraph at lines 213--214

 []

(./codes/def_domain_blocks.txt)
Underfull \hbox (badness 10000) in paragraph at lines 217--218

 []

[17] (./codes/def_problem_blocks.txt)
Underfull \hbox (badness 10000) in paragraph at lines 219--220

 []

[18] (./codes/plan_problem_blocks.txt)
Underfull \hbox (badness 10000) in paragraph at lines 227--228

 []

[19]
Package acronym Info: Label `acro:IPC4' newly defined as it shall be overridden

although it is yet undefined on input line 248.
 [20]) (./chapters/relacionados.tex [21] [22]
Cap\'{\i }tulo 3.
[23

] [24]
Package acronym Info: Label `acro:RLS' newly defined as it shall be overridden
although it is yet undefined on input line 107.
Package acronym Info: Label `acro:TC' newly defined as it shall be overridden
although it is yet undefined on input line 107.
Package acronym Info: Label `acro:MDS' newly defined as it shall be overridden
although it is yet undefined on input line 107.
 [25] [26]
Package acronym Info: Label `acro:BPEL4WS' newly defined as it shall be overrid
den
although it is yet undefined on input line 175.
 [27] [28] [29] [30]
Package acronym Info: Label `acro:SWEP' newly defined as it shall be overridden

although it is yet undefined on input line 351.
 [31]) (./chapters/modelo.tex [32]
Cap\'{\i }tulo 4.
<images/fig_sys_overview.jpg, id=156, 1864.9675pt x 1007.765pt>
File: images/fig_sys_overview.jpg Graphic file (type jpg)

<use images/fig_sys_overview.jpg> [33

] [34 <./images/fig_sys_overview.jpg>]
[35] [36] (./codes/use_case.txt)
Underfull \hbox (badness 10000) in paragraph at lines 79--80

 []

[37] [38] <images/fig_sys_detailed.jpg, id=176, 1852.9225pt x 1187.43625pt>
File: images/fig_sys_detailed.jpg Graphic file (type jpg)

<use images/fig_sys_detailed.jpg> [39

 <./images/fig_sys_detailed.jpg>] [40

]
[41] [42] <images/fig_sys_flow.jpg, id=189, 1095.09125pt x 343.2825pt>
File: images/fig_sys_flow.jpg Graphic file (type jpg)

<use images/fig_sys_flow.jpg> [43] [44 <./images/fig_sys_flow.jpg>] [45]
[46] <images/fig_sys_parallel_model.jpg, id=203, 1579.9025pt x 1280.785pt>
File: images/fig_sys_parallel_model.jpg Graphic file (type jpg)

<use images/fig_sys_parallel_model.jpg> [47 <./images/fig_sys_parallel_model.jp
g>] [48] [49] (./codes/template_problem.txt)
Underfull \hbox (badness 10000) in paragraph at lines 323--324

 []

[50] [51] (./codes/template_domain.txt)
Underfull \hbox (badness 10000) in paragraph at lines 337--338

 []

[52] [53]) (./chapters/experimentos.tex [54]
Cap\'{\i }tulo 5.
[55

]
Package acronym Info: Label `acro:ms' newly defined as it shall be overridden
although it is yet undefined on input line 18.
 <images/fig_ex1.jpg, id=232, 815.045pt x 593.21625pt>
File: images/fig_ex1.jpg Graphic file (type jpg)

<use images/fig_ex1.jpg> [56]
<images/fig_ex1_parallel.jpg, id=237, 797.98125pt x 718.685pt>
File: images/fig_ex1_parallel.jpg Graphic file (type jpg)

<use images/fig_ex1_parallel.jpg> [57 <./images/fig_ex1.jpg>] [58 <./images/fig
_ex1_parallel.jpg>] <images/fig_ex2.jpg, id=244, 1823.81375pt x 1199.48125pt>
File: images/fig_ex2.jpg Graphic file (type jpg)

<use images/fig_ex2.jpg> [59 <./images/fig_ex2.jpg>] [60


] [61] [62] [63]
<images/fig_ex3.jpg, id=262, 495.8525pt x 338.26375pt>
File: images/fig_ex3.jpg Graphic file (type jpg)

<use images/fig_ex3.jpg> [64 <./images/fig_ex3.jpg>]) (./chapters/conclusao.tex
[65]
Cap\'{\i }tulo 6.
[66

] [67]) (./appendices/jshop.tex [68]
Ap\^endice A.
(./codes/jshop_problem.txt)
Underfull \hbox (badness 10000) in paragraph at lines 8--9

 []

[69

] (./codes/jshop_domain.txt)
Underfull \hbox (badness 10000) in paragraph at lines 14--15

 []

<images/fig_jshop.jpg, id=282, 805.0075pt x 704.6325pt>
File: images/fig_jshop.jpg Graphic file (type jpg)

<use images/fig_jshop.jpg> (./codes/jshop_result.txt)
Underfull \hbox (badness 10000) in paragraph at lines 29--30

 []

[70]) (./appendices/recursos.tex [71 <./images/fig_jshop.jpg>]
Ap\^endice B.
(./codes/rec_aplicacao.txt)
Underfull \hbox (badness 10000) in paragraph at lines 11--12

 []

[72

] [73] (./codes/rec_acoes.txt)
Underfull \hbox (badness 10000) in paragraph at lines 20--21

 []

[74] [75] (./codes/rec_data.txt)
Underfull \hbox (badness 10000) in paragraph at lines 29--30

 []

[76] (./codes/rec_log.txt)
Underfull \hbox (badness 10000) in paragraph at lines 38--39

 []

(./codes/rec_information.txt)
Underfull \hbox (badness 10000) in paragraph at lines 40--41

 []

(./codes/rec_log_task.txt)) (./appendices/arquivos-plan.tex [77] [78]
Ap\^endice C.
(./codes/rec_domain.txt)
Underfull \hbox (badness 10000) in paragraph at lines 11--12

 []

(./codes/rec_problem.txt)
Underfull \hbox (badness 10000) in paragraph at lines 16--17

 []

[79

] (./codes/rec_plan.txt)) (./appendices/descricao.tex [80]
Ap\^endice D.
<images/fig_sys_components.jpg, id=318, 1184.425pt x 1151.30125pt>
File: images/fig_sys_components.jpg Graphic file (type jpg)

<use images/fig_sys_components.jpg>
Overfull \hbox (15.80511pt too wide) in alignment at lines 21--62
 [] [] 
 []


Underfull \vbox (badness 10000) detected at line 62
 []


Overfull \hbox (15.80511pt too wide) in alignment at lines 62--102
 [] [] 
 []


Overfull \hbox (15.80511pt too wide) in alignment at lines 102--109
 [] [] 
 []

) (./appendices/peerunit.tex [81

 <./images/fig_sys_components.jpg>] [82]
Ap\^endice E.
(./codes/peerunit.properties)) (./appendices/codigos-fonte.tex [83

]
Ap\^endice F.
(./codes/MakePlan.java [84

] [85]) (./codes/ExecutionPlanGenerated.java [86])
(./codes/Implementation.java [87] [88] [89]) (./codes/WorkflowSumVet.java
[90] [91] [92] [93]) (./codes/WorkflowSumVet.java [94] [95] [96]) [97])
(./monografia.bbl [98] [99

] [100] [101]) [102] [1] (./monografia.aux) ) 
Here is how much of TeX's memory you used:
 8002 strings out of 493848
 112855 string characters out of 3149208
 513809 words of memory out of 3000000
 10988 multiletter control sequences out of 15000+200000
 18578 words of font info for 54 fonts, out of 3000000 for 9000
 715 hyphenation exceptions out of 8191
 36i,9n,44p,1316b,1723s stack positions out of 5000i,500n,10000p,200000b,50000s
{/usr/local/texlive/2009/texmf-dis
t/fonts/enc/dvips/cm-super/cm-super-t1.enc}{/usr/local/texlive/2009/texmf-dist/
fonts/enc/dvips/cm-super/cm-super-ts1.enc}</usr/local/texlive/2009/texmf-dist/f
onts/type1/public/amsfonts/cm/cmmi12.pfb></usr/local/texlive/2009/texmf-dist/fo
nts/type1/public/amsfonts/cm/cmmi6.pfb></usr/local/texlive/2009/texmf-dist/font
s/type1/public/amsfonts/cm/cmmi8.pfb></usr/local/texlive/2009/texmf-dist/fonts/
type1/public/amsfonts/cm/cmr12.pfb></usr/local/texlive/2009/texmf-dist/fonts/ty
pe1/public/amsfonts/cm/cmr8.pfb></usr/local/texlive/2009/texmf-dist/fonts/type1
/public/amsfonts/cm/cmsy10.pfb></usr/local/texlive/2009/texmf-dist/fonts/type1/
public/amsfonts/cm/cmsy8.pfb></usr/local/texlive/2009/texmf-dist/fonts/type1/pu
blic/cm-super/sfbi1440.pfb></usr/local/texlive/2009/texmf-dist/fonts/type1/publ
ic/cm-super/sfbx1200.pfb></usr/local/texlive/2009/texmf-dist/fonts/type1/public
/cm-super/sfbx1440.pfb></usr/local/texlive/2009/texmf-dist/fonts/type1/public/c
m-super/sfit0800.pfb></usr/local/texlive/2009/texmf-dist/fonts/type1/public/cm-
super/sfrm0800.pfb></usr/local/texlive/2009/texmf-dist/fonts/type1/public/cm-su
per/sfrm1095.pfb></usr/local/texlive/2009/texmf-dist/fonts/type1/public/cm-supe
r/sfrm1200.pfb></usr/local/texlive/2009/texmf-dist/fonts/type1/public/cm-super/
sfrm1440.pfb></usr/local/texlive/2009/texmf-dist/fonts/type1/public/cm-super/sf
ti1200.pfb></usr/local/texlive/2009/texmf-dist/fonts/type1/public/cm-super/sftt
0800.pfb></usr/local/texlive/2009/texmf-dist/fonts/type1/public/cm-super/sftt12
00.pfb>
Output written on monografia.pdf (114 pages, 3225273 bytes).
PDF statistics:
 455 PDF objects out of 1000 (max. 8388607)
 0 named destinations out of 1000 (max. 500000)
 56 words of extra memory for PDF output out of 10000 (max. 10000000)

