This is pdfeTeX, Version 3.141592-1.30.6-2.2 (MiKTeX 2.5) (preloaded format=pdflatex 2007.10.2)  18 OCT 2007 23:18
entering extended mode
**C:/Documents*and*Settings/Diogo/Desktop/trabDip/artigo/apreArtigo/apreArtigo.
tex

("C:\Documents and Settings\Diogo\Desktop\trabDip\artigo\apreArtigo\apreArtigo.
tex"
LaTeX2e <2005/12/01>
Babel <v3.8g> and hyphenation patterns for english, dumylang, nohyphenation, ge
rman, ngerman, french, portuguese, loaded.
("C:\Arquivos de programas\MiKTeX 2.5\tex\latex\beamer\base\beamer.cls"
("C:\Arquivos de programas\MiKTeX 2.5\tex\latex\beamer\base\beamerbasercs.sty"
Package: beamerbasercs 2007/01/28 (rcs-revision 1.4)
)
Document Class: beamer 2007/03/11 cvs version 3.07 A class for typesetting pres
entations (rcs-revision 1.70)
("C:\Arquivos de programas\MiKTeX 2.5\tex\latex\beamer\base\beamerbasemodes.sty
"
Package: beamerbasemodes 2007/01/28 (rcs-revision 1.22)
\beamer@tempbox=\box26
\beamer@tempcount=\count79
\c@beamerpauses=\count80

("C:\Arquivos de programas\MiKTeX 2.5\tex\latex\beamer\base\beamerbasedecode.st
y"
Package: beamerbasedecode 2007/01/28 (rcs-revision 1.20)
\beamer@slideinframe=\count81
\beamer@minimum=\count82
)
\beamer@commentbox=\box27
\beamer@modecount=\count83
)
\headheight=\dimen102
\headdp=\dimen103
\footheight=\dimen104
\sidebarheight=\dimen105
\beamer@tempdim=\dimen106
\beamer@finalheight=\dimen107
\beamer@animht=\dimen108
\beamer@animdp=\dimen109
\beamer@animwd=\dimen110
\beamer@leftmargin=\dimen111
\beamer@rightmargin=\dimen112
\beamer@leftsidebar=\dimen113
\beamer@rightsidebar=\dimen114
\beamer@boxsize=\dimen115
\beamer@vboxoffset=\dimen116
\beamer@descdefault=\dimen117
\beamer@descriptionwidth=\dimen118
\beamer@lastskip=\skip41
\beamer@areabox=\box28
\beamer@animcurrent=\box29
\beamer@animshowbox=\box30
\beamer@sectionbox=\box31
\beamer@logobox=\box32
\beamer@linebox=\box33
\beamer@sectioncount=\count84
\beamer@subsubsectionmax=\count85
\beamer@subsectionmax=\count86
\beamer@sectionmax=\count87
\beamer@totalheads=\count88
\beamer@headcounter=\count89
\beamer@partstartpage=\count90
\beamer@sectionstartpage=\count91
\beamer@subsectionstartpage=\count92
\beamer@animationtempa=\count93
\beamer@animationtempb=\count94
\beamer@xpos=\count95
\beamer@ypos=\count96
\beamer@showpartnumber=\count97
\beamer@currentsubsection=\count98
\beamer@coveringdepth=\count99
\beamer@sectionadjust=\count100
\beamer@tocsectionnumber=\count101

("C:\Arquivos de programas\MiKTeX 2.5\tex\latex\beamer\base\beamerbaseoptions.s
ty"
Package: beamerbaseoptions 2007/01/28 (rcs-revision 1.8)
 ("C:\Arquivos de programas\MiKTeX 2.5\tex\latex\graphics\keyval.sty"
Package: keyval 1999/03/16 v1.13 key=value parser (DPC)
\KV@toks@=\toks14
))
("C:\Arquivos de programas\MiKTeX 2.5\tex\latex\pgf\basiclayer\pgfcore.sty"
("C:\Arquivos de programas\MiKTeX 2.5\tex\latex\graphics\graphicx.sty"
Package: graphicx 1999/02/16 v1.0f Enhanced LaTeX Graphics (DPC,SPQR)

("C:\Arquivos de programas\MiKTeX 2.5\tex\latex\graphics\graphics.sty"
Package: graphics 2006/02/20 v1.0o Standard LaTeX Graphics (DPC,SPQR)

("C:\Arquivos de programas\MiKTeX 2.5\tex\latex\graphics\trig.sty"
Package: trig 1999/03/16 v1.09 sin cos tan (DPC)
)
("C:\Arquivos de programas\MiKTeX 2.5\tex\latex\00miktex\graphics.cfg"
File: graphics.cfg 2005/12/29 v1.2 MiKTeX 'graphics' configuration
)
Package graphics Info: Driver file: pdftex.def on input line 90.

("C:\Arquivos de programas\MiKTeX 2.5\tex\latex\graphics\pdftex.def"
File: pdftex.def 2006/08/14 v0.03t Graphics/color for pdfTeX
\Gread@gobject=\count102
))
\Gin@req@height=\dimen119
\Gin@req@width=\dimen120
)
("C:\Arquivos de programas\MiKTeX 2.5\tex\latex\pgf\systemlayer\pgfsys.sty"
("C:\Arquivos de programas\MiKTeX 2.5\tex\latex\pgf\utilities\pgfrcs.sty"
("C:\Arquivos de programas\MiKTeX 2.5\tex\latex\pgf\utilities\pgfutil-common.te
x")
("C:\Arquivos de programas\MiKTeX 2.5\tex\latex\pgf\utilities\pgfutil-latex.def
") ("C:\Arquivos de programas\MiKTeX 2.5\tex\latex\pgf\utilities\pgfrcs.code.te
x"
Package: pgfrcs 2007/06/08 v1.18 (rcs-revision 1.16)
))
("C:\Arquivos de programas\MiKTeX 2.5\tex\latex\pgf\systemlayer\pgfsys.code.tex
"
Package: pgfsys 2007/06/07 v1.18 (rcs-revision 1.24)
\pgf@x=\dimen121
\pgf@y=\dimen122
\pgf@xa=\dimen123
\pgf@ya=\dimen124
\pgf@xb=\dimen125
\pgf@yb=\dimen126
\pgf@xc=\dimen127
\pgf@yc=\dimen128
\c@pgf@counta=\count103
\c@pgf@countb=\count104
\c@pgf@countc=\count105
\c@pgf@countd=\count106
 ("C:\Arquivos de programas\MiKTeX 2.5\tex\latex\pgf\systemlayer\pgf.cfg"
File: pgf.cfg 2007/03/20  (rcs-revision 1.4)
)
Package pgfsys Info: Driver file for pgf: pgfsys-pdftex.def on input line 846.

("C:\Arquivos de programas\MiKTeX 2.5\tex\latex\pgf\systemlayer\pgfsys-pdftex.d
ef"
File: pgfsys-pdftex.def 2007/06/07  (rcs-revision 1.15)

("C:\Arquivos de programas\MiKTeX 2.5\tex\latex\pgf\systemlayer\pgfsys-common-p
df.def"
File: pgfsys-common-pdf.def 2006/10/16  (rcs-revision 1.7)
)))
("C:\Arquivos de programas\MiKTeX 2.5\tex\latex\pgf\systemlayer\pgfsyssoftpath.
code.tex"
File: pgfsyssoftpath.code.tex 2007/02/19  (rcs-revision 1.5)
)
("C:\Arquivos de programas\MiKTeX 2.5\tex\latex\pgf\systemlayer\pgfsysprotocol.
code.tex"
File: pgfsysprotocol.code.tex 2006/10/16  (rcs-revision 1.4)
)) ("C:\Arquivos de programas\MiKTeX 2.5\tex\latex\xcolor\xcolor.sty"
Package: xcolor 2007/01/21 v2.11 LaTeX color extensions (UK)

("C:\Arquivos de programas\MiKTeX 2.5\tex\latex\00miktex\color.cfg"
File: color.cfg 2005/12/29 v1.1 MiKTeX 'color' configuration
)
Package xcolor Info: Driver file: pdftex.def on input line 225.
Package xcolor Info: Model `cmy' substituted by `cmy0' on input line 1337.
Package xcolor Info: Model `hsb' substituted by `rgb' on input line 1341.
Package xcolor Info: Model `RGB' extended on input line 1353.
Package xcolor Info: Model `HTML' substituted by `rgb' on input line 1355.
Package xcolor Info: Model `Hsb' substituted by `hsb' on input line 1356.
Package xcolor Info: Model `tHsb' substituted by `hsb' on input line 1357.
Package xcolor Info: Model `HSB' substituted by `hsb' on input line 1358.
Package xcolor Info: Model `Gray' substituted by `gray' on input line 1359.
Package xcolor Info: Model `wave' substituted by `hsb' on input line 1360.
)
("C:\Arquivos de programas\MiKTeX 2.5\tex\latex\pgf\basiclayer\pgfcore.code.tex
"
Package: pgfcore 2007/03/09 v1.18 (rcs-revision 1.5)
 ("C:\Arquivos de programas\MiKTeX 2.5\tex\latex\pgf\math\pgfmath.code.tex"
("C:\Arquivos de programas\MiKTeX 2.5\tex\latex\pgf\math\pgfmathcalc.code.tex"
("C:\Arquivos de programas\MiKTeX 2.5\tex\latex\pgf\math\pgfmathutil.code.tex")
("C:\Arquivos de programas\MiKTeX 2.5\tex\latex\pgf\math\pgfmathparser.code.tex
"
\pgfmath@stack=\toks15
\c@pgfmath@parsecounta=\count107
\c@pgfmath@parsecountb=\count108
\c@pgfmath@parsecountc=\count109
\pgfmath@parsex=\dimen129
)
("C:\Arquivos de programas\MiKTeX 2.5\tex\latex\pgf\math\pgfmathoperations.code
.tex"
("C:\Arquivos de programas\MiKTeX 2.5\tex\latex\pgf\math\pgfmathtrig.code.tex")
("C:\Arquivos de programas\MiKTeX 2.5\tex\latex\pgf\math\pgfmathrnd.code.tex"))
("C:\Arquivos de programas\MiKTeX 2.5\tex\latex\pgf\math\pgfmathbase.code.tex")
))
("C:\Arquivos de programas\MiKTeX 2.5\tex\latex\pgf\basiclayer\pgfcorepoints.co
de.tex"
File: pgfcorepoints.code.tex 2007/04/19  (rcs-revision 1.9)
\pgf@picminx=\dimen130
\pgf@picmaxx=\dimen131
\pgf@picminy=\dimen132
\pgf@picmaxy=\dimen133
\pgf@pathminx=\dimen134
\pgf@pathmaxx=\dimen135
\pgf@pathminy=\dimen136
\pgf@pathmaxy=\dimen137
\pgf@xx=\dimen138
\pgf@xy=\dimen139
\pgf@yx=\dimen140
\pgf@yy=\dimen141
\pgf@zx=\dimen142
\pgf@zy=\dimen143
)
("C:\Arquivos de programas\MiKTeX 2.5\tex\latex\pgf\basiclayer\pgfcorepathconst
ruct.code.tex"
File: pgfcorepathconstruct.code.tex 2007/06/07  (rcs-revision 1.9)
\pgf@path@lastx=\dimen144
\pgf@path@lasty=\dimen145
)
("C:\Arquivos de programas\MiKTeX 2.5\tex\latex\pgf\basiclayer\pgfcorepathusage
.code.tex"
File: pgfcorepathusage.code.tex 2007/03/09  (rcs-revision 1.8)
\pgf@shorten@end@additional=\dimen146
\pgf@shorten@start@additional=\dimen147
)
("C:\Arquivos de programas\MiKTeX 2.5\tex\latex\pgf\basiclayer\pgfcorescopes.co
de.tex"
File: pgfcorescopes.code.tex 2007/06/07  (rcs-revision 1.24)
\pgfpic=\box34
\pgf@hbox=\box35
\pgf@layerbox@main=\box36
\pgf@picture@serial@count=\count110
)
("C:\Arquivos de programas\MiKTeX 2.5\tex\latex\pgf\basiclayer\pgfcoregraphicst
ate.code.tex"
File: pgfcoregraphicstate.code.tex 2007/03/09  (rcs-revision 1.7)
\pgflinewidth=\dimen148
)
("C:\Arquivos de programas\MiKTeX 2.5\tex\latex\pgf\basiclayer\pgfcoretransform
ations.code.tex"
File: pgfcoretransformations.code.tex 2007/06/07  (rcs-revision 1.6)
\pgf@pt@x=\dimen149
\pgf@pt@y=\dimen150
\pgf@pt@temp=\dimen151
)
("C:\Arquivos de programas\MiKTeX 2.5\tex\latex\pgf\basiclayer\pgfcorequick.cod
e.tex"
File: pgfcorequick.code.tex 2006/10/11  (rcs-revision 1.2)
)
("C:\Arquivos de programas\MiKTeX 2.5\tex\latex\pgf\basiclayer\pgfcoreobjects.c
ode.tex"
File: pgfcoreobjects.code.tex 2006/10/11  (rcs-revision 1.2)
)
("C:\Arquivos de programas\MiKTeX 2.5\tex\latex\pgf\basiclayer\pgfcorepathproce
ssing.code.tex"
File: pgfcorepathprocessing.code.tex 2007/03/09  (rcs-revision 1.6)
)
("C:\Arquivos de programas\MiKTeX 2.5\tex\latex\pgf\basiclayer\pgfcorearrows.co
de.tex"
File: pgfcorearrows.code.tex 2007/06/07  (rcs-revision 1.8)
)
("C:\Arquivos de programas\MiKTeX 2.5\tex\latex\pgf\basiclayer\pgfcoreshade.cod
e.tex"
File: pgfcoreshade.code.tex 2007/03/09  (rcs-revision 1.8)
\pgf@max=\dimen152
\pgf@sys@shading@range@num=\count111
)))
("C:\Arquivos de programas\MiKTeX 2.5\tex\latex\pgf\basiclayer\pgfbaseimage.sty
"
("C:\Arquivos de programas\MiKTeX 2.5\tex\latex\pgf\basiclayer\pgfbaseimage.cod
e.tex"
Package: pgfbaseimage 2007/05/31 v1.18 (rcs-revision 1.7)
\pgfexternal@startupbox=\box37
))
("C:\Arquivos de programas\MiKTeX 2.5\tex\latex\pgf\utilities\xxcolor.sty"
Package: xxcolor 2003/10/24 ver 0.1
\XC@nummixins=\count112
\XC@countmixins=\count113
)
("C:\Arquivos de programas\MiKTeX 2.5\tex\latex\amsfonts\amssymb.sty"
Package: amssymb 2002/01/22 v2.2d

("C:\Arquivos de programas\MiKTeX 2.5\tex\latex\amsfonts\amsfonts.sty"
Package: amsfonts 2001/10/25 v2.2f
\@emptytoks=\toks16
\symAMSa=\mathgroup4
\symAMSb=\mathgroup5
LaTeX Font Info:    Overwriting math alphabet `\mathfrak' in version `bold'
(Font)                  U/euf/m/n --> U/euf/b/n on input line 132.
))
("C:\Arquivos de programas\MiKTeX 2.5\tex\latex\geometry\geometry.sty"
Package: geometry 2002/07/08 v3.2 Page Geometry
\Gm@cnth=\count114
\Gm@cntv=\count115
\c@Gm@tempcnt=\count116
\Gm@bindingoffset=\dimen153
\Gm@wd@mp=\dimen154
\Gm@odd@mp=\dimen155
\Gm@even@mp=\dimen156
\Gm@dimlist=\toks17

("C:\Arquivos de programas\MiKTeX 2.5\tex\latex\geometry\geometry.cfg"))
("C:\Arquivos de programas\MiKTeX 2.5\tex\latex\hyperref\hyperref.sty"
Package: hyperref 2006/11/30 v6.75h Hypertext links for LaTeX
\@linkdim=\dimen157
\Hy@linkcounter=\count117
\Hy@pagecounter=\count118

("C:\Arquivos de programas\MiKTeX 2.5\tex\latex\hyperref\pd1enc.def"
File: pd1enc.def 2006/11/30 v6.75h Hyperref: PDFDocEncoding definition (HO)
)
("C:\Arquivos de programas\MiKTeX 2.5\tex\latex\00miktex\hyperref.cfg"
File: hyperref.cfg 2006/02/14 v1.1 MiKTeX 'hyperref' configuration
)
("C:\Arquivos de programas\MiKTeX 2.5\tex\latex\oberdiek\kvoptions.sty"
Package: kvoptions 2006/08/22 v2.4 Connects package keyval with LaTeX options (
HO)
)
Package hyperref Info: Option `bookmarks' set `true' on input line 2195.
Package hyperref Info: Option `bookmarksopen' set `true' on input line 2195.
Package hyperref Info: Option `implicit' set `false' on input line 2195.
Package hyperref Info: Hyper figures OFF on input line 2245.
Package hyperref Info: Link nesting OFF on input line 2250.
Package hyperref Info: Hyper index ON on input line 2253.
Package hyperref Info: Plain pages OFF on input line 2260.
Package hyperref Info: Backreferencing OFF on input line 2265.

Implicit mode OFF; no redefinition of LaTeX internals
Package hyperref Info: Bookmarks ON on input line 2395.
("C:\Arquivos de programas\MiKTeX 2.5\tex\latex\ltxmisc\url.sty"
\Urlmuskip=\muskip10
Package: url 2005/06/27  ver 3.2  Verb mode for urls, etc.
)
LaTeX Info: Redefining \url on input line 2550.
\Fld@menulength=\count119
\Field@Width=\dimen158
\Fld@charsize=\dimen159
\Choice@toks=\toks18
\Field@toks=\toks19
Package hyperref Info: Hyper figures OFF on input line 3028.
Package hyperref Info: Link nesting OFF on input line 3033.
Package hyperref Info: Hyper index ON on input line 3036.
Package hyperref Info: backreferencing OFF on input line 3043.
Package hyperref Info: Link coloring OFF on input line 3048.
\Hy@abspage=\count120

Hyperref stopped early
)
*hyperref using default driver hpdftex*
("C:\Arquivos de programas\MiKTeX 2.5\tex\latex\hyperref\hpdftex.def"
File: hpdftex.def 2006/11/30 v6.75h Hyperref driver for pdfTeX
\Fld@listcount=\count121
)
("C:\Arquivos de programas\MiKTeX 2.5\tex\latex\base\size11.clo"
File: size11.clo 2005/09/16 v1.4f Standard LaTeX file (size option)
)
("C:\Arquivos de programas\MiKTeX 2.5\tex\latex\beamer\base\beamerbasecompatibi
lity.sty"
Package: beamerbasecompatibility 2007/01/28  (rcs-revision 1.63)
)
("C:\Arquivos de programas\MiKTeX 2.5\tex\latex\beamer\base\beamerbasefont.sty"
Package: beamerbasefont 2007/01/28  (rcs-revision 1.16)
) ("C:\Arquivos de programas\MiKTeX 2.5\tex\latex\beamer\base\beamerbasemisc.st
y"
Package: beamerbasemisc 2007/01/28  (rcs-revision 1.24)
)
("C:\Arquivos de programas\MiKTeX 2.5\tex\latex\beamer\base\beamerbasetwoscreen
s.sty"
Package: beamerbasetwoscreens 2007/01/28  (rcs-revision 1.7)
)
("C:\Arquivos de programas\MiKTeX 2.5\tex\latex\beamer\base\beamerbaseoverlay.s
ty"
Package: beamerbaseoverlay 2007/01/28  (rcs-revision 1.50)
\beamer@argscount=\count122
\beamer@lastskipcover=\skip42
\beamer@trivlistdepth=\count123
)
("C:\Arquivos de programas\MiKTeX 2.5\tex\latex\beamer\base\beamerbasetitle.sty
"
Package: beamerbasetitle 2007/01/28  (rcs-revision 1.25)
)
("C:\Arquivos de programas\MiKTeX 2.5\tex\latex\beamer\base\beamerbasesection.s
ty"
Package: beamerbasesection 2007/01/28  (rcs-revision 1.21)
\c@lecture=\count124
\c@part=\count125
\c@section=\count126
\c@subsection=\count127
\c@subsubsection=\count128
)
("C:\Arquivos de programas\MiKTeX 2.5\tex\latex\beamer\base\beamerbaseframe.sty
"
Package: beamerbaseframe 2007/01/28  (rcs-revision 1.60)
\beamer@framebox=\box38
\beamer@frametitlebox=\box39
\beamer@zoombox=\box40
\beamer@zoomcount=\count129
\beamer@zoomframecount=\count130
\beamer@frametextheight=\dimen160
\c@subsectionslide=\count131
\beamer@frametopskip=\skip43
\beamer@framebottomskip=\skip44
\beamer@frametopskipautobreak=\skip45
\beamer@framebottomskipautobreak=\skip46
\beamer@envbody=\toks20
\c@framenumber=\count132
)
("C:\Arquivos de programas\MiKTeX 2.5\tex\latex\beamer\base\beamerbaseverbatim.
sty"
Package: beamerbaseverbatim 2007/01/28  (rcs-revision 1.8)
\beamer@verbatimfileout=\write3
)
("C:\Arquivos de programas\MiKTeX 2.5\tex\latex\beamer\base\beamerbaseframesize
.sty"
Package: beamerbaseframesize 2007/01/28  (rcs-revision 1.18)
\beamer@splitbox=\box41
\beamer@autobreakcount=\count133
\beamer@autobreaklastheight=\dimen161
\beamer@frametitletoks=\toks21
\beamer@framesubtitletoks=\toks22
)
("C:\Arquivos de programas\MiKTeX 2.5\tex\latex\beamer\base\beamerbaseframecomp
onents.sty"
Package: beamerbaseframecomponents 2007/01/28  (rcs-revision 1.41)
\beamer@footins=\box42
)
("C:\Arquivos de programas\MiKTeX 2.5\tex\latex\beamer\base\beamerbasecolor.sty
"
Package: beamerbasecolor 2007/01/28  (rcs-revision 1.42)
)
("C:\Arquivos de programas\MiKTeX 2.5\tex\latex\beamer\base\beamerbasenotes.sty
"
Package: beamerbasenotes 2007/01/28  (rcs-revision 1.23)
\beamer@frameboxcopy=\box43
) ("C:\Arquivos de programas\MiKTeX 2.5\tex\latex\beamer\base\beamerbasetoc.sty
"
Package: beamerbasetoc 2007/01/28  (rcs-revision 1.21)
)
("C:\Arquivos de programas\MiKTeX 2.5\tex\latex\beamer\base\beamerbasetemplates
.sty"
Package: beamerbasetemplates 2007/01/28  (rcs-revision 1.51)
\beamer@sbttoks=\toks23

("C:\Arquivos de programas\MiKTeX 2.5\tex\latex\beamer\base\beamerbaseauxtempla
tes.sty"
Package: beamerbaseauxtemplates 2007/01/28  (rcs-revision 1.28)

("C:\Arquivos de programas\MiKTeX 2.5\tex\latex\beamer\base\beamerbaseboxes.sty
"
Package: beamerbaseboxes 2007/03/11  (rcs-revision 1.32)
\bmb@box=\box44
\bmb@colorbox=\box45
\bmb@boxshadow=\box46
\bmb@boxshadowball=\box47
\bmb@boxshadowballlarge=\box48
\bmb@temp=\dimen162
\bmb@dima=\dimen163
\bmb@dimb=\dimen164
\bmb@prevheight=\dimen165
)
\beamer@blockheadheight=\dimen166
))
("C:\Arquivos de programas\MiKTeX 2.5\tex\latex\beamer\base\beamerbaselocalstru
cture.sty"
Package: beamerbaselocalstructure 2007/01/28  (rcs-revision 1.53)
 ("C:\Arquivos de programas\MiKTeX 2.5\tex\latex\tools\enumerate.sty"
Package: enumerate 1999/03/05 v3.00 enumerate extensions (DPC)
\@enLab=\toks24
)
\c@figure=\count134
\c@table=\count135
\abovecaptionskip=\skip47
\belowcaptionskip=\skip48
)
("C:\Arquivos de programas\MiKTeX 2.5\tex\latex\beamer\base\beamerbasenavigatio
n.sty"
Package: beamerbasenavigation 2007/01/28  (rcs-revision 1.36)
)
("C:\Arquivos de programas\MiKTeX 2.5\tex\latex\beamer\base\beamerbasetheorems.
sty"
Package: beamerbasetheorems 2007/01/28  (rcs-revision 1.10)
 ("C:\Arquivos de programas\MiKTeX 2.5\tex\latex\amsmath\amsmath.sty"
Package: amsmath 2000/07/18 v2.13 AMS math features
\@mathmargin=\skip49

For additional information on amsmath, use the `?' option.
("C:\Arquivos de programas\MiKTeX 2.5\tex\latex\amsmath\amstext.sty"
Package: amstext 2000/06/29 v2.01

("C:\Arquivos de programas\MiKTeX 2.5\tex\latex\amsmath\amsgen.sty"
File: amsgen.sty 1999/11/30 v2.0
\@emptytoks=\toks25
\ex@=\dimen167
))
("C:\Arquivos de programas\MiKTeX 2.5\tex\latex\amsmath\amsbsy.sty"
Package: amsbsy 1999/11/29 v1.2d
\pmbraise@=\dimen168
)
("C:\Arquivos de programas\MiKTeX 2.5\tex\latex\amsmath\amsopn.sty"
Package: amsopn 1999/12/14 v2.01 operator names
)
\inf@bad=\count136
LaTeX Info: Redefining \frac on input line 211.
\uproot@=\count137
\leftroot@=\count138
LaTeX Info: Redefining \overline on input line 307.
\classnum@=\count139
\DOTSCASE@=\count140
LaTeX Info: Redefining \ldots on input line 379.
LaTeX Info: Redefining \dots on input line 382.
LaTeX Info: Redefining \cdots on input line 467.
\Mathstrutbox@=\box49
\strutbox@=\box50
\big@size=\dimen169
LaTeX Font Info:    Redeclaring font encoding OML on input line 567.
LaTeX Font Info:    Redeclaring font encoding OMS on input line 568.
\macc@depth=\count141
\c@MaxMatrixCols=\count142
\dotsspace@=\muskip11
\c@parentequation=\count143
\dspbrk@lvl=\count144
\tag@help=\toks26
\row@=\count145
\column@=\count146
\maxfields@=\count147
\andhelp@=\toks27
\eqnshift@=\dimen170
\alignsep@=\dimen171
\tagshift@=\dimen172
\tagwidth@=\dimen173
\totwidth@=\dimen174
\lineht@=\dimen175
\@envbody=\toks28
\multlinegap=\skip50
\multlinetaggap=\skip51
\mathdisplay@stack=\toks29
LaTeX Info: Redefining \[ on input line 2666.
LaTeX Info: Redefining \] on input line 2667.
)
("C:\Arquivos de programas\MiKTeX 2.5\tex\latex\amscls\amsthm.sty"
Package: amsthm 2004/08/06 v2.20
\thm@style=\toks30
\thm@bodyfont=\toks31
\thm@headfont=\toks32
\thm@notefont=\toks33
\thm@headpunct=\toks34
\thm@preskip=\skip52
\thm@postskip=\skip53
\thm@headsep=\skip54
\dth@everypar=\toks35
)
\c@theorem=\count148
)
("C:\Arquivos de programas\MiKTeX 2.5\tex\latex\beamer\base\beamerbasethemes.st
y"
Package: beamerbasethemes 2007/01/28  (rcs-revision 1.10)
)
("C:\Arquivos de programas\MiKTeX 2.5\tex\latex\beamer\themes\theme\beamertheme
default.sty"
Package: beamerthemedefault 2007/01/28  (rcs-revision 1.7)

("C:\Arquivos de programas\MiKTeX 2.5\tex\latex\beamer\themes\font\beamerfontth
emedefault.sty"
Package: beamerfontthemedefault 2007/01/28  (rcs-revision 1.13)
)
("C:\Arquivos de programas\MiKTeX 2.5\tex\latex\beamer\themes\color\beamercolor
themedefault.sty"
Package: beamercolorthemedefault 2007/01/28  (rcs-revision 1.28)
)
("C:\Arquivos de programas\MiKTeX 2.5\tex\latex\beamer\themes\inner\beamerinner
themedefault.sty"
Package: beamerinnerthemedefault 2007/01/28  (rcs-revision 1.20)
\beamer@dima=\dimen176
\beamer@dimb=\dimen177
)
("C:\Arquivos de programas\MiKTeX 2.5\tex\latex\beamer\themes\outer\beamerouter
themedefault.sty"
Package: beamerouterthemedefault 2007/01/28  (rcs-revision 1.14)
)))
("C:\Arquivos de programas\MiKTeX 2.5\tex\generic\babel\babel.sty"
Package: babel 2005/05/21 v3.8g The Babel package

*************************************
* Local config file bblopts.cfg used
*
("C:\Arquivos de programas\MiKTeX 2.5\tex\latex\00miktex\bblopts.cfg"
File: bblopts.cfg 2006/07/31 v1.0 MiKTeX 'babel' configuration
)
("C:\Arquivos de programas\MiKTeX 2.5\tex\generic\babel\portuges.ldf"
Language: portuges 2005/03/31 v1.2p Portuguese support from the babel system

("C:\Arquivos de programas\MiKTeX 2.5\tex\generic\babel\babel.def"
File: babel.def 2005/05/21 v3.8g Babel common definitions
LaTeX Info: Redefining \textlatin on input line 82.
\babel@savecnt=\count149
\U@D=\dimen178
)
\l@brazil = a dialect from \language\l@portuges 
Package babel Info: Making " an active character on input line 145.
))
("C:\Arquivos de programas\MiKTeX 2.5\tex\latex\base\inputenc.sty"
Package: inputenc 2006/05/05 v1.1b Input encoding file
\inpenc@prehook=\toks36
\inpenc@posthook=\toks37

("C:\Arquivos de programas\MiKTeX 2.5\tex\latex\base\latin1.def"
File: latin1.def 2006/05/05 v1.1b Input encoding file
))
("C:\Arquivos de programas\MiKTeX 2.5\tex\latex\colortbl\colortbl.sty"
Package: colortbl 2001/02/13 v0.1j Color table columns (DPC)

("C:\Arquivos de programas\MiKTeX 2.5\tex\latex\tools\array.sty"
Package: array 2005/08/23 v2.4b Tabular extension package (FMi)
\col@sep=\dimen179
\extrarowheight=\dimen180
\NC@list=\toks38
\extratabsurround=\skip55
\backup@length=\skip56
)
\everycr=\toks39
\minrowclearance=\skip57
)
("C:\Arquivos de programas\MiKTeX 2.5\tex\latex\beamer\themes\theme\beamertheme
Ilmenau.sty"
Package: beamerthemeIlmenau 2007/01/28  (rcs-revision 1.11)

("C:\Arquivos de programas\MiKTeX 2.5\tex\latex\beamer\themes\outer\beamerouter
thememiniframes.sty"
Package: beamerouterthememiniframes 2007/01/28  (rcs-revision 1.8)
)
("C:\Arquivos de programas\MiKTeX 2.5\tex\latex\beamer\themes\color\beamercolor
themewhale.sty"
Package: beamercolorthemewhale 2007/01/28  (rcs-revision 1.4)
)
("C:\Arquivos de programas\MiKTeX 2.5\tex\latex\beamer\themes\color\beamercolor
themeorchid.sty"
Package: beamercolorthemeorchid 2007/01/28  (rcs-revision 1.3)
)
("C:\Arquivos de programas\MiKTeX 2.5\tex\latex\beamer\themes\inner\beamerinner
themerounded.sty"
Package: beamerinnerthemerounded 2007/01/28  (rcs-revision 1.5)
))
("C:\Arquivos de programas\MiKTeX 2.5\tex\latex\beamer\themes\color\beamercolor
themestructure.sty"
Package: beamercolorthemestructure 2007/01/28  (rcs-revision 1.4)
)

Package hyperref Warning: Token not allowed in a PDFDocEncoded string,
(hyperref)                removing `\\' on input line 32.


Package hyperref Warning: Token not allowed in a PDFDocEncoded string,
(hyperref)                removing `\\' on input line 32.


Package hyperref Warning: Token not allowed in a PDFDocEncoded string,
(hyperref)                removing `\\' on input line 32.

(apreArtigo.aux

LaTeX Warning: Label `fig:arquitetura' multiply defined.


LaTeX Warning: Label `fig:arquitetura' multiply defined.


LaTeX Warning: Label `fig:arquitetura' multiply defined.


LaTeX Warning: Label `fig:arquitetura' multiply defined.

)
LaTeX Font Info:    Checking defaults for OML/cmm/m/it on input line 40.
LaTeX Font Info:    ... okay on input line 40.
LaTeX Font Info:    Checking defaults for T1/cmr/m/n on input line 40.
LaTeX Font Info:    ... okay on input line 40.
LaTeX Font Info:    Checking defaults for OT1/cmr/m/n on input line 40.
LaTeX Font Info:    ... okay on input line 40.
LaTeX Font Info:    Checking defaults for OMS/cmsy/m/n on input line 40.
LaTeX Font Info:    ... okay on input line 40.
LaTeX Font Info:    Checking defaults for OMX/cmex/m/n on input line 40.
LaTeX Font Info:    ... okay on input line 40.
LaTeX Font Info:    Checking defaults for U/cmr/m/n on input line 40.
LaTeX Font Info:    ... okay on input line 40.
LaTeX Font Info:    Checking defaults for PD1/pdf/m/n on input line 40.
LaTeX Font Info:    ... okay on input line 40.
 ("C:\Arquivos de programas\MiKTeX 2.5\tex\context\base\supp-pdf.tex"
("C:\Arquivos de programas\MiKTeX 2.5\tex\context\base\supp-mis.tex"
loading : Context Support Macros / Miscellaneous (2004.10.26)
\protectiondepth=\count150
\scratchcounter=\count151
\scratchtoks=\toks40
\scratchdimen=\dimen181
\scratchskip=\skip58
\scratchmuskip=\muskip12
\scratchbox=\box51
\scratchread=\read1
\scratchwrite=\write4
\zeropoint=\dimen182
\onepoint=\dimen183
\onebasepoint=\dimen184
\minusone=\count152
\thousandpoint=\dimen185
\onerealpoint=\dimen186
\emptytoks=\toks41
\nextbox=\box52
\nextdepth=\dimen187
\everyline=\toks42
\!!counta=\count153
\!!countb=\count154
\recursecounter=\count155
)
loading : Context Support Macros / PDF (2004.03.26)
\nofMPsegments=\count156
\nofMParguments=\count157
\MPscratchCnt=\count158
\MPscratchDim=\dimen188
\MPnumerator=\count159
\everyMPtoPDFconversion=\toks43
)
-------------------- Geometry parameters
paper: user defined
landscape: --
twocolumn: --
twoside: --
asymmetric: --
h-parts: 28.45274pt, 307.28987pt, 28.45274pt
v-parts: 0.0pt, 273.14662pt, 0.0pt
hmarginratio: --
vmarginratio: --
lines: --
heightrounded: --
bindingoffset: 0.0pt
truedimen: --
includehead: true
includefoot: true
includemp: --
driver: pdftex
-------------------- Page layout dimensions and switches
\paperwidth  364.19536pt
\paperheight 273.14662pt
\textwidth  307.28987pt
\textheight 244.6939pt
\oddsidemargin  -43.81725pt
\evensidemargin -43.81725pt
\topmargin  -72.26999pt
\headheight 14.22636pt
\headsep    0.0pt
\footskip   14.22636pt
\marginparwidth 4.0pt
\marginparsep   10.0pt
\columnsep  10.0pt
\skip\footins  10.0pt plus 4.0pt minus 2.0pt
\hoffset 0.0pt
\voffset 0.0pt
\mag 1000

(1in=72.27pt, 1cm=28.45pt)
-----------------------
Package hyperref Info: Link coloring OFF on input line 40.
 ("C:\Arquivos de programas\MiKTeX 2.5\tex\latex\hyperref\nameref.sty"
Package: nameref 2006/08/15 v2.26 Cross-referencing by name of section

("C:\Arquivos de programas\MiKTeX 2.5\tex\latex\oberdiek\refcount.sty"
Package: refcount 2006/02/20 v3.0 Data extraction from references (HO)
)
\c@section@level=\count160
)
LaTeX Info: Redefining \ref on input line 40.
LaTeX Info: Redefining \pageref on input line 40.

(apreArtigo.out) (apreArtigo.out)
\@outlinefile=\write5
LaTeX Font Info:    Overwriting symbol font `operators' in version `normal'
(Font)                  OT1/cmr/m/n --> OT1/cmss/m/n on input line 40.
LaTeX Font Info:    Overwriting symbol font `operators' in version `bold'
(Font)                  OT1/cmr/bx/n --> OT1/cmss/bx/n on input line 40.
\symnumbers=\mathgroup6
\sympureletters=\mathgroup7
LaTeX Font Info:    Overwriting math alphabet `\mathrm' in version `normal'
(Font)                  OT1/cmss/m/n --> OT1/cmr/m/n on input line 40.
LaTeX Font Info:    Redeclaring math alphabet \mathbf on input line 40.
LaTeX Font Info:    Overwriting math alphabet `\mathbf' in version `normal'
(Font)                  OT1/cmr/bx/n --> OT1/cmss/bx/n on input line 40.
LaTeX Font Info:    Overwriting math alphabet `\mathbf' in version `bold'
(Font)                  OT1/cmr/bx/n --> OT1/cmss/bx/n on input line 40.
LaTeX Font Info:    Redeclaring math alphabet \mathsf on input line 40.
LaTeX Font Info:    Overwriting math alphabet `\mathsf' in version `normal'
(Font)                  OT1/cmss/m/n --> OT1/cmss/m/n on input line 40.
LaTeX Font Info:    Overwriting math alphabet `\mathsf' in version `bold'
(Font)                  OT1/cmss/bx/n --> OT1/cmss/m/n on input line 40.
LaTeX Font Info:    Redeclaring math alphabet \mathit on input line 40.
LaTeX Font Info:    Overwriting math alphabet `\mathit' in version `normal'
(Font)                  OT1/cmr/m/it --> OT1/cmss/m/it on input line 40.
LaTeX Font Info:    Overwriting math alphabet `\mathit' in version `bold'
(Font)                  OT1/cmr/bx/it --> OT1/cmss/m/it on input line 40.
LaTeX Font Info:    Redeclaring math alphabet \mathtt on input line 40.
LaTeX Font Info:    Overwriting math alphabet `\mathtt' in version `normal'
(Font)                  OT1/cmtt/m/n --> OT1/cmtt/m/n on input line 40.
LaTeX Font Info:    Overwriting math alphabet `\mathtt' in version `bold'
(Font)                  OT1/cmtt/m/n --> OT1/cmtt/m/n on input line 40.
LaTeX Font Info:    Overwriting symbol font `numbers' in version `bold'
(Font)                  OT1/cmss/m/n --> OT1/cmss/bx/n on input line 40.
LaTeX Font Info:    Overwriting symbol font `pureletters' in version `bold'
(Font)                  OT1/cmss/m/it --> OT1/cmss/bx/it on input line 40.
LaTeX Font Info:    Overwriting math alphabet `\mathrm' in version `bold'
(Font)                  OT1/cmss/bx/n --> OT1/cmr/bx/n on input line 40.
LaTeX Font Info:    Overwriting math alphabet `\mathbf' in version `bold'
(Font)                  OT1/cmss/bx/n --> OT1/cmss/bx/n on input line 40.
LaTeX Font Info:    Overwriting math alphabet `\mathsf' in version `bold'
(Font)                  OT1/cmss/m/n --> OT1/cmss/bx/n on input line 40.
LaTeX Font Info:    Overwriting math alphabet `\mathit' in version `bold'
(Font)                  OT1/cmss/m/it --> OT1/cmss/bx/it on input line 40.
LaTeX Font Info:    Overwriting math alphabet `\mathtt' in version `bold'
(Font)                  OT1/cmtt/m/n --> OT1/cmtt/bx/n on input line 40.
 (apreArtigo.nav) (capitulos\titulo.tex

LaTeX Font Warning: Font shape `OT1/cmss/m/n' in size <4> not available
(Font)              size <5> substituted on input line 3.

[1{psfonts.map}

]) (capitulos\agenda.tex (apreArtigo.toc) [2

])
(capitulos\introducao.tex [3

] [4

] [5

] [6

] [7

]) (capitulos\orientacao.tex
[8

] [9

] [10

] [11

] [12

] [13

] [14

] [15

] [16

]
<images/aco/formigas.jpg, id=417, 582.175pt x 230.8625pt>
File: images/aco/formigas.jpg Graphic file (type jpg)

<use images/aco/formigas.jpg> [17

 <images/aco/formigas.jpg>]) (capitulos\ha.tex [18

] [19

] [20

]) (capitulos\aco.tex [21

] [22

] [23

] [24

] [25

]
LaTeX Font Info:    Try loading font information for U+msa on input line 35.

("C:\Arquivos de programas\MiKTeX 2.5\tex\latex\amsfonts\umsa.fd"
File: umsa.fd 2002/01/19 v2.2g AMS font definitions
)
LaTeX Font Info:    Try loading font information for U+msb on input line 35.

("C:\Arquivos de programas\MiKTeX 2.5\tex\latex\amsfonts\umsb.fd"
File: umsb.fd 2002/01/19 v2.2g AMS font definitions
) [26

]
[27

] [28

] [29

]) (capitulos\adaptacao.tex [30

]
<images/oriant/fig_geral.jpg, id=722, 782.925pt x 381.425pt>
File: images/oriant/fig_geral.jpg Graphic file (type jpg)

<use images/oriant/fig_geral.jpg> [31

 <images/oriant/fig_geral.jpg>]
<images/oriant/grupos.jpg, id=744, 784.9325pt x 111.41624pt>
File: images/oriant/grupos.jpg Graphic file (type jpg)

<use images/oriant/grupos.jpg>
! pdfTeX warning (ext4): destination with the same identifier (name{fig:arquite
tura}) has been already used, duplicate ignored
<to be read again> 
                   \relax 
l.69 \end{frame}
                
<images/oriant/objetiva.jpg, id=745, 784.9325pt x 111.41624pt>
File: images/oriant/objetiva.jpg Graphic file (type jpg)

<use images/oriant/objetiva.jpg>
! pdfTeX warning (ext4): destination with the same identifier (name{fig:arquite
tura}) has been already used, duplicate ignored
<to be read again> 
                   \relax 
l.69 \end{frame}
                
<images/oriant/orientada.jpg, id=746, 784.9325pt x 111.41624pt>
File: images/oriant/orientada.jpg Graphic file (type jpg)

<use images/oriant/orientada.jpg>
! pdfTeX warning (ext4): destination with the same identifier (name{fig:arquite
tura}) has been already used, duplicate ignored
<to be read again> 
                   \relax 
l.69 \end{frame}
                
<images/oriant/relacionada.jpg, id=747, 784.9325pt x 111.41624pt>
File: images/oriant/relacionada.jpg Graphic file (type jpg)

<use images/oriant/relacionada.jpg>
! pdfTeX warning (ext4): destination with the same identifier (name{fig:arquite
tura}) has been already used, duplicate ignored
<to be read again> 
                   \relax 
l.69 \end{frame}
                 [32

 <images/oriant/grupos.jpg> <images/oriant/objetiva.jpg>]
[33


 <images/oriant/orientada.jpg> <images/oriant/relacionada.jpg>])
(capitulos\tecnologia.tex [34

] [35

] [36

] [37

] [38

] [39

] [40

] [41

] [42

] [43

])
(capitulos\resultados.tex [44

] [45


] [46


]
<images/resultados/qtd_feromonio.jpg, id=1033, 647.41875pt x 386.44376pt>
File: images/resultados/qtd_feromonio.jpg Graphic file (type jpg)

<use images/resultados/qtd_feromonio.jpg> [47

]
Overfull \vbox (5.2592pt too high) detected at line 123
 []

[48


 <images/resultados/qtd_feromonio.jpg>]
<images/resultados/graf_teste10h.jpg, id=1077, 645.41125pt x 386.44376pt>
File: images/resultados/graf_teste10h.jpg Graphic file (type jpg)

<use images/resultados/graf_teste10h.jpg> [49

]
Overfull \vbox (5.78401pt too high) detected at line 181
 []

[50


 <images/resultados/graf_teste10h.jpg>]
<images/resultados/graf_teste24h.jpg, id=1119, 645.41125pt x 386.44376pt>
File: images/resultados/graf_teste24h.jpg Graphic file (type jpg)

<use images/resultados/graf_teste24h.jpg> [51

]
Overfull \vbox (5.78401pt too high) detected at line 239
 []

[52


 <images/resultados/graf_teste24h.jpg>]
<images/resultados/graf_diferencas.jpg, id=1160, 652.4375pt x 367.3725pt>
File: images/resultados/graf_diferencas.jpg Graphic file (type jpg)

<use images/resultados/graf_diferencas.jpg> [53

] [54


 <images/resultados/graf_diferencas.jpg>]) (capitulos\referencias.tex (apreArti
go.bbl) [55

 <C:/Arquivos de programas/MiKTeX 2.5/tex/latex/beamer/base/art/beamericonartic
le.pdf>]
[56


] [57


] [58


]) (capitulos\final.tex [59

])
\tf@nav=\write6
\tf@toc=\write7
\tf@snm=\write8
 (apreArtigo.aux)

LaTeX Font Warning: Size substitutions with differences
(Font)              up to 1.0pt have occurred.


LaTeX Warning: There were multiply-defined labels.

 ) 
Here is how much of TeX's memory you used:
 13387 strings out of 95400
 228525 string characters out of 1186772
 293698 words of memory out of 1282520
 15675 multiletter control sequences out of 60000
 15315 words of font info for 57 fonts, out of 1000000 for 2000
 16 hyphenation exceptions out of 8191
 44i,19n,62p,492b,727s stack positions out of 5000i,500n,10000p,200000b,32768s
PDF statistics:
 1324 PDF objects out of 300000
 167 named destinations out of 300000
 241 words of extra memory for PDF output out of 10000
<C:/Arquivos de programas/MiKTeX 2.5/fonts/type1/bluesky/cm/cmss17.pfb><C:/Ar
quivos de programas/MiKTeX 2.5/fonts/type1/bluesky/cm/cmssbx10.pfb><C:/Arquivos
 de programas/MiKTeX 2.5/fonts/type1/bluesky/cm/cmex10.pfb><C:/Arquivos de prog
ramas/MiKTeX 2.5/fonts/type1/bluesky/cm/cmmi8.pfb><C:/Arquivos de programas/MiK
TeX 2.5/fonts/type1/bluesky/cm/cmsy10.pfb><C:/Arquivos de programas/MiKTeX 2.5/
fonts/type1/bluesky/cm/cmssi8.pfb><C:/Arquivos de programas/MiKTeX 2.5/fonts/ty
pe1/bluesky/cm/cmmi10.pfb><C:/Arquivos de programas/MiKTeX 2.5/fonts/type1/blue
sky/cm/cmssi10.pfb><C:/Arquivos de programas/MiKTeX 2.5/fonts/type1/bluesky/cm/
cmtt9.pfb><C:/Arquivos de programas/MiKTeX 2.5/fonts/type1/bluesky/cm/cmss10.pf
b><C:/Arquivos de programas/MiKTeX 2.5/fonts/type1/bluesky/cm/cmss12.pfb><C:/Ar
quivos de programas/MiKTeX 2.5/fonts/type1/bluesky/cm/cmss8.pfb>
Output written on apreArtigo.pdf (59 pages, 1482675 bytes).
