This is pdfeTeX, Version 3.141592-1.30.6-2.2 (MiKTeX 2.5) (preloaded format=pdflatex 2008.11.13)  20 NOV 2008 20:48
entering extended mode
**C:/Users/Diogo/Documents/Utfpr/Professor/Csharp/materiais/cursoCSharp/cursoCS
harp.tex

(C:\Users\Diogo\Documents\Utfpr\Professor\Csharp\materiais\cursoCSharp\cursoCSh
arp.tex
LaTeX2e <2005/12/01>
Babel <v3.8g> and hyphenation patterns for english, dumylang, nohyphenation, ge
rman, ngerman, french, portuguese, loaded.
("C:\Program Files\MiKTeX 2.5\tex\latex\base\article.cls"
Document Class: article 2005/09/16 v1.4f Standard LaTeX document class
("C:\Program Files\MiKTeX 2.5\tex\latex\base\size11.clo"
File: size11.clo 2005/09/16 v1.4f Standard LaTeX file (size option)
)
\c@part=\count79
\c@section=\count80
\c@subsection=\count81
\c@subsubsection=\count82
\c@paragraph=\count83
\c@subparagraph=\count84
\c@figure=\count85
\c@table=\count86
\abovecaptionskip=\skip41
\belowcaptionskip=\skip42
\bibindent=\dimen102
)
("C:\Program Files\MiKTeX 2.5\tex\generic\babel\babel.sty"
Package: babel 2005/05/21 v3.8g The Babel package

*************************************
* Local config file bblopts.cfg used
*
("C:\Program Files\MiKTeX 2.5\tex\latex\00miktex\bblopts.cfg"
File: bblopts.cfg 2006/07/31 v1.0 MiKTeX 'babel' configuration
)
("C:\Program Files\MiKTeX 2.5\tex\generic\babel\portuges.ldf"
Language: portuges 2005/03/31 v1.2p Portuguese support from the babel system

("C:\Program Files\MiKTeX 2.5\tex\generic\babel\babel.def"
File: babel.def 2005/05/21 v3.8g Babel common definitions
\babel@savecnt=\count87
\U@D=\dimen103
)
\l@brazil = a dialect from \language\l@portuges 
Package babel Info: Making " an active character on input line 145.
))
("C:\Program Files\MiKTeX 2.5\tex\latex\base\inputenc.sty"
Package: inputenc 2006/05/05 v1.1b Input encoding file
\inpenc@prehook=\toks14
\inpenc@posthook=\toks15

("C:\Program Files\MiKTeX 2.5\tex\latex\base\latin1.def"
File: latin1.def 2006/05/05 v1.1b Input encoding file
))
("C:\Program Files\MiKTeX 2.5\tex\latex\graphics\graphicx.sty"
Package: graphicx 1999/02/16 v1.0f Enhanced LaTeX Graphics (DPC,SPQR)

("C:\Program Files\MiKTeX 2.5\tex\latex\graphics\keyval.sty"
Package: keyval 1999/03/16 v1.13 key=value parser (DPC)
\KV@toks@=\toks16
)
("C:\Program Files\MiKTeX 2.5\tex\latex\graphics\graphics.sty"
Package: graphics 2006/02/20 v1.0o Standard LaTeX Graphics (DPC,SPQR)

("C:\Program Files\MiKTeX 2.5\tex\latex\graphics\trig.sty"
Package: trig 1999/03/16 v1.09 sin cos tan (DPC)
)
("C:\Program Files\MiKTeX 2.5\tex\latex\00miktex\graphics.cfg"
File: graphics.cfg 2005/12/29 v1.2 MiKTeX 'graphics' configuration
)
Package graphics Info: Driver file: pdftex.def on input line 90.

("C:\Program Files\MiKTeX 2.5\tex\latex\graphics\pdftex.def"
File: pdftex.def 2006/08/14 v0.03t Graphics/color for pdfTeX
\Gread@gobject=\count88
))
\Gin@req@height=\dimen104
\Gin@req@width=\dimen105
)
("C:\Program Files\MiKTeX 2.5\tex\latex\wrapfig\wrapfig.sty"
\wrapoverhang=\dimen106
\WF@size=\dimen107
\c@WF@wrappedlines=\count89
\WF@box=\box26
\WF@everypar=\toks17
Package: wrapfig 2003/01/31  v 3.6
)
("C:\Program Files\MiKTeX 2.5\tex\latex\fancyhdr\fancyhdr.sty"
\fancy@headwidth=\skip43
\f@ncyO@elh=\skip44
\f@ncyO@erh=\skip45
\f@ncyO@olh=\skip46
\f@ncyO@orh=\skip47
\f@ncyO@elf=\skip48
\f@ncyO@erf=\skip49
\f@ncyO@olf=\skip50
\f@ncyO@orf=\skip51
)
("C:\Program Files\MiKTeX 2.5\tex\latex\graphics\color.sty"
Package: color 2005/11/14 v1.0j Standard LaTeX Color (DPC)

("C:\Program Files\MiKTeX 2.5\tex\latex\00miktex\color.cfg"
File: color.cfg 2005/12/29 v1.1 MiKTeX 'color' configuration
)
Package color Info: Driver file: pdftex.def on input line 130.
)
("C:\Program Files\MiKTeX 2.5\tex\latex\base\ifthen.sty"
Package: ifthen 2001/05/26 v1.1c Standard LaTeX ifthen package (DPC)
)
("C:\Program Files\MiKTeX 2.5\tex\latex\amsfonts\amsfonts.sty"
Package: amsfonts 2001/10/25 v2.2f
\@emptytoks=\toks18
\symAMSa=\mathgroup4
\symAMSb=\mathgroup5
LaTeX Font Info:    Overwriting math alphabet `\mathfrak' in version `bold'
(Font)                  U/euf/m/n --> U/euf/b/n on input line 132.
)
("C:\Program Files\MiKTeX 2.5\tex\latex\tools\indentfirst.sty"
Package: indentfirst 1995/11/23 v1.03 Indent first paragraph (DPC)
)
("C:\Program Files\MiKTeX 2.5\tex\latex\listings\listings.sty"
\lst@mode=\count90
\lst@gtempboxa=\box27
\lst@token=\toks19
\lst@length=\count91
\lst@currlwidth=\dimen108
\lst@column=\count92
\lst@pos=\count93
\lst@lostspace=\dimen109
\lst@width=\dimen110
\lst@newlines=\count94
\lst@lineno=\count95
\lst@maxwidth=\dimen111

("C:\Program Files\MiKTeX 2.5\tex\latex\listings\lstmisc.sty"
File: lstmisc.sty 2007/02/22 1.4 (Carsten Heinz)
\c@lstnumber=\count96
\lst@skipnumbers=\count97
\lst@framebox=\box28
)
("C:\Program Files\MiKTeX 2.5\tex\latex\listings\listings.cfg"
File: listings.cfg 2007/02/22 1.4 listings configuration
))
Package: listings 2007/02/22 1.4 (Carsten Heinz)

("C:\Program Files\MiKTeX 2.5\tex\latex\geometry\geometry.sty"
Package: geometry 2002/07/08 v3.2 Page Geometry
\Gm@cnth=\count98
\Gm@cntv=\count99
\c@Gm@tempcnt=\count100
\Gm@bindingoffset=\dimen112
\Gm@wd@mp=\dimen113
\Gm@odd@mp=\dimen114
\Gm@even@mp=\dimen115
\Gm@dimlist=\toks20

("C:\Program Files\MiKTeX 2.5\tex\latex\geometry\geometry.cfg"))
("C:\Program Files\MiKTeX 2.5\tex\latex\ltxmisc\url.sty"
\Urlmuskip=\muskip10
Package: url 2005/06/27  ver 3.2  Verb mode for urls, etc.
) (cursoCSharp.aux

LaTeX Warning: Label `switch' multiply defined.


LaTeX Warning: Label `propriedades' multiply defined.


LaTeX Warning: Label `mdiFilha' multiply defined.


LaTeX Warning: Label `mdiFilha' multiply defined.


LaTeX Warning: Label `mdiFilha' multiply defined.


LaTeX Warning: Label `mdiFilha' multiply defined.


LaTeX Warning: Label `mdiFilha' multiply defined.


LaTeX Warning: Label `mdiFilha' multiply defined.


LaTeX Warning: Label `mdiFilha' multiply defined.


LaTeX Warning: Label `mdiFilha' multiply defined.


LaTeX Warning: Label `mdiFilha' multiply defined.

)
LaTeX Font Info:    Checking defaults for OML/cmm/m/it on input line 130.
LaTeX Font Info:    ... okay on input line 130.
LaTeX Font Info:    Checking defaults for T1/cmr/m/n on input line 130.
LaTeX Font Info:    ... okay on input line 130.
LaTeX Font Info:    Checking defaults for OT1/cmr/m/n on input line 130.
LaTeX Font Info:    ... okay on input line 130.
LaTeX Font Info:    Checking defaults for OMS/cmsy/m/n on input line 130.
LaTeX Font Info:    ... okay on input line 130.
LaTeX Font Info:    Checking defaults for OMX/cmex/m/n on input line 130.
LaTeX Font Info:    ... okay on input line 130.
LaTeX Font Info:    Checking defaults for U/cmr/m/n on input line 130.
LaTeX Font Info:    ... okay on input line 130.
 ("C:\Program Files\MiKTeX 2.5\tex\context\base\supp-pdf.tex"
("C:\Program Files\MiKTeX 2.5\tex\context\base\supp-mis.tex"
loading : Context Support Macros / Miscellaneous (2004.10.26)
\protectiondepth=\count101
\scratchcounter=\count102
\scratchtoks=\toks21
\scratchdimen=\dimen116
\scratchskip=\skip52
\scratchmuskip=\muskip11
\scratchbox=\box29
\scratchread=\read1
\scratchwrite=\write3
\zeropoint=\dimen117
\onepoint=\dimen118
\onebasepoint=\dimen119
\minusone=\count103
\thousandpoint=\dimen120
\onerealpoint=\dimen121
\emptytoks=\toks22
\nextbox=\box30
\nextdepth=\dimen122
\everyline=\toks23
\!!counta=\count104
\!!countb=\count105
\recursecounter=\count106
)
loading : Context Support Macros / PDF (2004.03.26)
\nofMPsegments=\count107
\nofMParguments=\count108
\MPscratchCnt=\count109
\MPscratchDim=\dimen123
\MPnumerator=\count110
\everyMPtoPDFconversion=\toks24
)
\c@lstlisting=\count111
-------------------- Geometry parameters
paper: a4paper
landscape: --
twocolumn: --
twoside: --
asymmetric: --
h-parts: 71.13188pt, 455.24411pt, 71.13188pt
v-parts: 71.13188pt, 674.33032pt, 99.58464pt
hmarginratio: --
vmarginratio: --
lines: --
heightrounded: --
bindingoffset: 0.0pt
truedimen: --
includehead: --
includefoot: --
includemp: --
driver: pdftex
-------------------- Page layout dimensions and switches
\paperwidth  597.50787pt
\paperheight 845.04684pt
\textwidth  455.24411pt
\textheight 674.33032pt
\oddsidemargin  -1.1381pt
\evensidemargin -1.1381pt
\topmargin  -38.1381pt
\headheight 12.0pt
\headsep    25.0pt
\footskip   28.45274pt
\marginparwidth 50.0pt
\marginparsep   10.0pt
\columnsep  10.0pt
\skip\footins  10.0pt plus 4.0pt minus 2.0pt
\hoffset 0.0pt
\voffset 0.0pt
\mag 1000

(1in=72.27pt, 1cm=28.45pt)
-----------------------
 [1

{psfonts.map}] (cursoCSharp.toc
LaTeX Font Info:    Try loading font information for U+msa on input line 3.

("C:\Program Files\MiKTeX 2.5\tex\latex\amsfonts\umsa.fd"
File: umsa.fd 2002/01/19 v2.2g AMS font definitions
)
LaTeX Font Info:    Try loading font information for U+msb on input line 3.

("C:\Program Files\MiKTeX 2.5\tex\latex\amsfonts\umsb.fd"
File: umsb.fd 2002/01/19 v2.2g AMS font definitions
)

Package Fancyhdr Warning: \headheight is too small (12.0pt): 
 Make it at least 45.80968pt.
 We now make it that large for the rest of the document.
 This may cause the page layout to be inconsistent, however.

[2] [3])
\tf@toc=\write4
 [4] (cursoCSharp.lot)
\tf@lot=\write5
 [5] (cursoCSharp.lol [6] [7])
\tf@lol=\write6
 [8]
LaTeX Font Info:    Try loading font information for OMS+cmr on input line 232.


("C:\Program Files\MiKTeX 2.5\tex\latex\base\omscmr.fd"
File: omscmr.fd 1999/05/25 v2.5h Standard LaTeX font definitions
)
LaTeX Font Info:    Font shape `OMS/cmr/m/n' in size <10.95> not available
(Font)              Font shape `OMS/cmsy/m/n' tried instead on input line 232.
 [9] [10] [11]
("C:\Program Files\MiKTeX 2.5\tex\latex\listings\lstlang1.sty"
File: lstlang1.sty 2004/09/05 1.3 listings language file
)
("C:\Program Files\MiKTeX 2.5\tex\latex\listings\lstmisc.sty"
File: lstmisc.sty 2007/02/22 1.4 (Carsten Heinz)
)
(cods\helloworld.txt
LaTeX Font Info:    Font shape `OT1/cmtt/bx/n' in size <9> not available
(Font)              Font shape `OT1/cmtt/m/n' tried instead on input line 3.
) (cods\programstructure.txt [12]) [13]
Underfull \hbox (badness 6157) in paragraph at lines 476--477
[]\OT1/cmr/m/n/10.95 -9,223,372,036,854,775,808 a
 []


Underfull \hbox (badness 10000) in paragraph at lines 488--489
[]\OT1/cmr/m/n/10.95 0 a
 []

[14] (cods\conversao.txt [15]) (cods\conversaoConvert.txt) [16] (cods\array.txt
) (cods\array2.txt) (cods\array3.txt) (cods\array4.txt [17]) (cods\array5.txt)
[18] (cods\if.txt) (cods\if2.txt) [19] (cods\if3.txt) (cods\if4.txt)
(cods\if5.txt [20]) (cods\if6.txt) [21] (cods\switch.txt) [22]
(cods\switch2.txt) (cods\for.txt [23]) (cods\for2.txt [24]) (cods\foreach.txt)
[25] (cods\dowhile.txt) [26] (cods\operadores.txt) [27] (cods\operadores2.txt)
(cods\operadores3.txt [28]) (cods\operadores4.txt [29]) (cods\operadores5.txt)
(cods\operadores6.txt) [30] (cods\operadores7.txt) (cods\sempadrao.txt)
(cods\compadrao.txt) [31] (cods\classe.txt [32]) (cods\propriedade.txt)
[33] (cods\modificadores.txt)

LaTeX Warning: Citation `E' on page 34 undefined on input line 1052.

[34] (cods\heranca.txt) (cods\thisbase.txt [35]) (cods\instobj.txt)
(cods\acessoatrmet.txt) [36] (cods\static.txt) (cods\abstract.txt [37])
(cods\interface.txt [38]) [39] (cods\seled.txt) [40]
Underfull \hbox (badness 1152) in paragraph at lines 1335--1336
[]\OT1/cmr/m/n/10.95 DivideByZeroException e Over-flowEx-cep-tion.
 []

[41] (cods\throw.txt) [42] (cods\catch.txt) [43] (cods\finally.txt)
(cods\trycatchfinally.txt [44]) (cods\excessaoclass.txt [45]) [46]
(cods\diretorio.txt) [47] (cods\subdiretorio.txt) (cods\propriedades.txt)
(cods\propriedadesarquivo.txt) [48] (cods\fileinfo.txt) (cods\fileinfoopen.txt)
(cods\filestream.txt [49]) (cods\createopentext.txt) [50] (cods\mdifilha.txt)
[51] (cods\mdifechafilha.txt) [52] (cods\show.txt) (cods\showdialog.txt)
(cods\formstring.txt) [53] (cods\formmodificastring.txt)
(cods\formmodificastringlabel.txt) [54] [55] [56]
Overfull \hbox (4.55254pt too wide) in paragraph at lines 1807--1808
[]\OT1/cmr/m/it/10.95 System.XML\OT1/cmr/m/n/10.95 : Contem as clas-ses para m
a-ni-pulac~ao de do-cu-men-tos XML. Como o ADO.NET
 []

<images/dataProvider.jpg, id=230, 358.33875pt x 289.08pt>
File: images/dataProvider.jpg Graphic file (type jpg)

<use images/dataProvider.jpg> [57 <images/dataProvider.jpg>] [58]
(cods\connectionStringDefault.txt) (cods\connectionStringsGlobal.txt [59])
(cods\sqlCommand.txt) [60] (cods\executeNonQuery.txt) (cods\executeScalar.txt)
[61] (cods\executeReader.txt) [62] (cods\parametros.txt) [63]
(cods\dataAdapterDataSet.txt) (cods\preenchendoDataSet.txt) [64]
(cursoCSharp.aux)

LaTeX Warning: There were undefined references.


LaTeX Warning: There were multiply-defined labels.

 ) 
Here is how much of TeX's memory you used:
 5383 strings out of 95400
 63799 string characters out of 1187053
 172304 words of memory out of 1123238
 7594 multiletter control sequences out of 60000
 14183 words of font info for 54 fonts, out of 1000000 for 2000
 16 hyphenation exceptions out of 8191
 39i,13n,53p,408b,1824s stack positions out of 5000i,500n,10000p,200000b,32768s
PDF statistics:
 255 PDF objects out of 300000
 0 named destinations out of 300000
 6 words of extra memory for PDF output out of 10000
<C:/Program Files/MiKTeX 2.5/fonts/type1/bluesky/cm/cmmi10.pfb><C:/Program Fi
les/MiKTeX 2.5/fonts/type1/bluesky/cm/cmsy5.pfb><C:/Program Files/MiKTeX 2.5/fo
nts/type1/bluesky/cm/cmsy8.pfb><C:/Program Files/MiKTeX 2.5/fonts/type1/bluesky
/cm/cmtt8.pfb><C:/Program Files/MiKTeX 2.5/fonts/type1/bluesky/cm/cmtt9.pfb><C:
/Program Files/MiKTeX 2.5/fonts/type1/bluesky/cm/cmr6.pfb><C:/Program Files/MiK
TeX 2.5/fonts/type1/bluesky/cm/cmbxti10.pfb><C:/Program Files/MiKTeX 2.5/fonts/
type1/bluesky/cm/cmsy10.pfb><C:/Program Files/MiKTeX 2.5/fonts/type1/bluesky/cm
/cmtt10.pfb><C:/Program Files/MiKTeX 2.5/fonts/type1/bluesky/cm/cmitt10.pfb><C:
/Program Files/MiKTeX 2.5/fonts/type1/bluesky/cm/cmti10.pfb><C:/Program Files/M
iKTeX 2.5/fonts/type1/bluesky/cm/cmbx8.pfb><C:/Program Files/MiKTeX 2.5/fonts/t
ype1/bluesky/cm/cmbx10.pfb><C:/Program Files/MiKTeX 2.5/fonts/type1/bluesky/cm/
cmr8.pfb><C:/Program Files/MiKTeX 2.5/fonts/type1/bluesky/cm/cmr10.pfb><C:/Prog
ram Files/MiKTeX 2.5/fonts/type1/bluesky/cm/cmr12.pfb><C:/Program Files/MiKTeX 
2.5/fonts/type1/bluesky/cm/cmbx12.pfb>
Output written on cursoCSharp.pdf (64 pages, 456321 bytes).
